{"C:\\Users\\Youcode\\Desktop\\bc--nodejs-expressjs-mongodb-react-\\backend\\src\\config\\db.js": {"path":"C:\\Users\\Youcode\\Desktop\\bc--nodejs-expressjs-mongodb-react-\\backend\\src\\config\\db.js","statementMap":{"0":{"start":{"line":3,"column":0},"end":{"line":3,"column":16}},"1":{"start":{"line":5,"column":11},"end":{"line":18,"column":1}},"2":{"start":{"line":6,"column":4},"end":{"line":17,"column":5}},"3":{"start":{"line":7,"column":20},"end":{"line":7,"column":43}},"4":{"start":{"line":8,"column":20},"end":{"line":8,"column":47}},"5":{"start":{"line":9,"column":8},"end":{"line":14,"column":9}},"6":{"start":{"line":10,"column":12},"end":{"line":10,"column":59}},"7":{"start":{"line":13,"column":12},"end":{"line":13,"column":54}},"8":{"start":{"line":16,"column":8},"end":{"line":16,"column":59}}},"fnMap":{"0":{"name":"(anonymous_0)","decl":{"start":{"line":5,"column":11},"end":{"line":5,"column":12}},"loc":{"start":{"line":5,"column":23},"end":{"line":18,"column":1}},"line":5}},"branchMap":{"0":{"loc":{"start":{"line":9,"column":8},"end":{"line":14,"column":9}},"type":"if","locations":[{"start":{"line":9,"column":8},"end":{"line":14,"column":9}},{"start":{"line":12,"column":12},"end":{"line":14,"column":9}}],"line":9}},"s":{"0":0,"1":0,"2":0,"3":0,"4":0,"5":0,"6":0,"7":0,"8":0},"f":{"0":0},"b":{"0":[0,0]}}
,"C:\\Users\\Youcode\\Desktop\\bc--nodejs-expressjs-mongodb-react-\\backend\\src\\controllers\\AdminController.js": {"path":"C:\\Users\\Youcode\\Desktop\\bc--nodejs-expressjs-mongodb-react-\\backend\\src\\controllers\\AdminController.js","statementMap":{"0":{"start":{"line":5,"column":28},"end":{"line":28,"column":1}},"1":{"start":{"line":6,"column":4},"end":{"line":27,"column":5}},"2":{"start":{"line":7,"column":64},"end":{"line":7,"column":72}},"3":{"start":{"line":8,"column":27},"end":{"line":15,"column":9}},"4":{"start":{"line":17,"column":23},"end":{"line":17,"column":61}},"5":{"start":{"line":19,"column":8},"end":{"line":22,"column":11}},"6":{"start":{"line":24,"column":8},"end":{"line":26,"column":11}},"7":{"start":{"line":31,"column":24},"end":{"line":40,"column":1}},"8":{"start":{"line":32,"column":4},"end":{"line":39,"column":5}},"9":{"start":{"line":33,"column":22},"end":{"line":33,"column":59}},"10":{"start":{"line":34,"column":8},"end":{"line":34,"column":43}},"11":{"start":{"line":36,"column":8},"end":{"line":38,"column":11}},"12":{"start":{"line":43,"column":27},"end":{"line":56,"column":1}},"13":{"start":{"line":44,"column":4},"end":{"line":55,"column":5}},"14":{"start":{"line":45,"column":23},"end":{"line":45,"column":33}},"15":{"start":{"line":46,"column":21},"end":{"line":46,"column":64}},"16":{"start":{"line":48,"column":8},"end":{"line":50,"column":9}},"17":{"start":{"line":49,"column":12},"end":{"line":49,"column":71}},"18":{"start":{"line":52,"column":8},"end":{"line":52,"column":42}},"19":{"start":{"line":54,"column":8},"end":{"line":54,"column":64}},"20":{"start":{"line":59,"column":32},"end":{"line":85,"column":1}},"21":{"start":{"line":60,"column":4},"end":{"line":84,"column":5}},"22":{"start":{"line":61,"column":23},"end":{"line":61,"column":33}},"23":{"start":{"line":62,"column":21},"end":{"line":62,"column":44}},"24":{"start":{"line":64,"column":8},"end":{"line":66,"column":9}},"25":{"start":{"line":65,"column":12},"end":{"line":65,"column":71}},"26":{"start":{"line":69,"column":8},"end":{"line":69,"column":71}},"27":{"start":{"line":70,"column":8},"end":{"line":70,"column":26}},"28":{"start":{"line":72,"column":8},"end":{"line":81,"column":11}},"29":{"start":{"line":83,"column":8},"end":{"line":83,"column":64}}},"fnMap":{"0":{"name":"(anonymous_0)","decl":{"start":{"line":5,"column":28},"end":{"line":5,"column":29}},"loc":{"start":{"line":5,"column":48},"end":{"line":28,"column":1}},"line":5},"1":{"name":"(anonymous_1)","decl":{"start":{"line":31,"column":24},"end":{"line":31,"column":25}},"loc":{"start":{"line":31,"column":44},"end":{"line":40,"column":1}},"line":31},"2":{"name":"(anonymous_2)","decl":{"start":{"line":43,"column":27},"end":{"line":43,"column":28}},"loc":{"start":{"line":43,"column":47},"end":{"line":56,"column":1}},"line":43},"3":{"name":"(anonymous_3)","decl":{"start":{"line":59,"column":32},"end":{"line":59,"column":33}},"loc":{"start":{"line":59,"column":52},"end":{"line":85,"column":1}},"line":59}},"branchMap":{"0":{"loc":{"start":{"line":25,"column":21},"end":{"line":25,"column":63}},"type":"binary-expr","locations":[{"start":{"line":25,"column":21},"end":{"line":25,"column":34}},{"start":{"line":25,"column":38},"end":{"line":25,"column":63}}],"line":25},"1":{"loc":{"start":{"line":37,"column":21},"end":{"line":37,"column":59}},"type":"binary-expr","locations":[{"start":{"line":37,"column":21},"end":{"line":37,"column":34}},{"start":{"line":37,"column":38},"end":{"line":37,"column":59}}],"line":37},"2":{"loc":{"start":{"line":48,"column":8},"end":{"line":50,"column":9}},"type":"if","locations":[{"start":{"line":48,"column":8},"end":{"line":50,"column":9}},{"start":{},"end":{}}],"line":48},"3":{"loc":{"start":{"line":64,"column":8},"end":{"line":66,"column":9}},"type":"if","locations":[{"start":{"line":64,"column":8},"end":{"line":66,"column":9}},{"start":{},"end":{}}],"line":64},"4":{"loc":{"start":{"line":69,"column":22},"end":{"line":69,"column":70}},"type":"cond-expr","locations":[{"start":{"line":69,"column":49},"end":{"line":69,"column":59}},{"start":{"line":69,"column":62},"end":{"line":69,"column":70}}],"line":69}},"s":{"0":1,"1":2,"2":2,"3":2,"4":2,"5":1,"6":1,"7":1,"8":1,"9":1,"10":1,"11":0,"12":1,"13":0,"14":0,"15":0,"16":0,"17":0,"18":0,"19":0,"20":1,"21":0,"22":0,"23":0,"24":0,"25":0,"26":0,"27":0,"28":0,"29":0},"f":{"0":2,"1":1,"2":0,"3":0},"b":{"0":[1,0],"1":[0,0],"2":[0,0],"3":[0,0],"4":[0,0]},"_coverageSchema":"1a1c01bbd47fc00a2c39e90264f33305004495a9","hash":"e2df5b250dc35ce368479e075efde03a3772daf9"}
,"C:\\Users\\Youcode\\Desktop\\bc--nodejs-expressjs-mongodb-react-\\backend\\src\\controllers\\DriverController.js": {"path":"C:\\Users\\Youcode\\Desktop\\bc--nodejs-expressjs-mongodb-react-\\backend\\src\\controllers\\DriverController.js","statementMap":{"0":{"start":{"line":3,"column":32},"end":{"line":10,"column":1}},"1":{"start":{"line":4,"column":2},"end":{"line":9,"column":3}},"2":{"start":{"line":5,"column":18},"end":{"line":5,"column":75}},"3":{"start":{"line":6,"column":4},"end":{"line":6,"column":32}},"4":{"start":{"line":8,"column":4},"end":{"line":8,"column":53}},"5":{"start":{"line":12,"column":32},"end":{"line":29,"column":1}},"6":{"start":{"line":13,"column":2},"end":{"line":28,"column":3}},"7":{"start":{"line":14,"column":23},"end":{"line":14,"column":31}},"8":{"start":{"line":16,"column":17},"end":{"line":20,"column":5}},"9":{"start":{"line":22,"column":4},"end":{"line":25,"column":7}},"10":{"start":{"line":27,"column":4},"end":{"line":27,"column":53}},"11":{"start":{"line":31,"column":30},"end":{"line":46,"column":1}},"12":{"start":{"line":32,"column":2},"end":{"line":45,"column":3}},"13":{"start":{"line":33,"column":17},"end":{"line":37,"column":5}},"14":{"start":{"line":39,"column":4},"end":{"line":42,"column":7}},"15":{"start":{"line":44,"column":4},"end":{"line":44,"column":53}}},"fnMap":{"0":{"name":"(anonymous_0)","decl":{"start":{"line":3,"column":32},"end":{"line":3,"column":33}},"loc":{"start":{"line":3,"column":52},"end":{"line":10,"column":1}},"line":3},"1":{"name":"(anonymous_1)","decl":{"start":{"line":12,"column":32},"end":{"line":12,"column":33}},"loc":{"start":{"line":12,"column":52},"end":{"line":29,"column":1}},"line":12},"2":{"name":"(anonymous_2)","decl":{"start":{"line":31,"column":30},"end":{"line":31,"column":31}},"loc":{"start":{"line":31,"column":50},"end":{"line":46,"column":1}},"line":31}},"branchMap":{},"s":{"0":0,"1":0,"2":0,"3":0,"4":0,"5":0,"6":0,"7":0,"8":0,"9":0,"10":0,"11":0,"12":0,"13":0,"14":0,"15":0},"f":{"0":0,"1":0,"2":0},"b":{}}
,"C:\\Users\\Youcode\\Desktop\\bc--nodejs-expressjs-mongodb-react-\\backend\\src\\controllers\\authController.js": {"path":"C:\\Users\\Youcode\\Desktop\\bc--nodejs-expressjs-mongodb-react-\\backend\\src\\controllers\\authController.js","statementMap":{"0":{"start":{"line":3,"column":17},"end":{"line":17,"column":1}},"1":{"start":{"line":4,"column":4},"end":{"line":16,"column":5}},"2":{"start":{"line":5,"column":78},"end":{"line":5,"column":86}},"3":{"start":{"line":6,"column":23},"end":{"line":6,"column":112}},"4":{"start":{"line":8,"column":8},"end":{"line":11,"column":11}},"5":{"start":{"line":13,"column":8},"end":{"line":15,"column":11}},"6":{"start":{"line":19,"column":14},"end":{"line":33,"column":1}},"7":{"start":{"line":20,"column":4},"end":{"line":32,"column":5}},"8":{"start":{"line":21,"column":36},"end":{"line":21,"column":44}},"9":{"start":{"line":22,"column":23},"end":{"line":22,"column":67}},"10":{"start":{"line":24,"column":8},"end":{"line":27,"column":11}},"11":{"start":{"line":29,"column":8},"end":{"line":31,"column":11}},"12":{"start":{"line":35,"column":15},"end":{"line":42,"column":1}},"13":{"start":{"line":36,"column":4},"end":{"line":41,"column":5}},"14":{"start":{"line":37,"column":23},"end":{"line":37,"column":49}},"15":{"start":{"line":38,"column":8},"end":{"line":38,"column":44}},"16":{"start":{"line":40,"column":8},"end":{"line":40,"column":64}}},"fnMap":{"0":{"name":"(anonymous_0)","decl":{"start":{"line":3,"column":17},"end":{"line":3,"column":18}},"loc":{"start":{"line":3,"column":37},"end":{"line":17,"column":1}},"line":3},"1":{"name":"(anonymous_1)","decl":{"start":{"line":19,"column":14},"end":{"line":19,"column":15}},"loc":{"start":{"line":19,"column":34},"end":{"line":33,"column":1}},"line":19},"2":{"name":"(anonymous_2)","decl":{"start":{"line":35,"column":15},"end":{"line":35,"column":16}},"loc":{"start":{"line":35,"column":35},"end":{"line":42,"column":1}},"line":35}},"branchMap":{"0":{"loc":{"start":{"line":14,"column":21},"end":{"line":14,"column":59}},"type":"binary-expr","locations":[{"start":{"line":14,"column":21},"end":{"line":14,"column":34}},{"start":{"line":14,"column":38},"end":{"line":14,"column":59}}],"line":14},"1":{"loc":{"start":{"line":30,"column":21},"end":{"line":30,"column":65}},"type":"binary-expr","locations":[{"start":{"line":30,"column":21},"end":{"line":30,"column":34}},{"start":{"line":30,"column":38},"end":{"line":30,"column":65}}],"line":30}},"s":{"0":0,"1":0,"2":0,"3":0,"4":0,"5":0,"6":0,"7":0,"8":0,"9":0,"10":0,"11":0,"12":0,"13":0,"14":0,"15":0,"16":0},"f":{"0":0,"1":0,"2":0},"b":{"0":[0,0],"1":[0,0]}}
,"C:\\Users\\Youcode\\Desktop\\bc--nodejs-expressjs-mongodb-react-\\backend\\src\\controllers\\maintenanceController.js": {"path":"C:\\Users\\Youcode\\Desktop\\bc--nodejs-expressjs-mongodb-react-\\backend\\src\\controllers\\maintenanceController.js","statementMap":{"0":{"start":{"line":5,"column":33},"end":{"line":14,"column":1}},"1":{"start":{"line":6,"column":4},"end":{"line":13,"column":5}},"2":{"start":{"line":7,"column":28},"end":{"line":9,"column":40}},"3":{"start":{"line":10,"column":8},"end":{"line":10,"column":30}},"4":{"start":{"line":12,"column":8},"end":{"line":12,"column":57}},"5":{"start":{"line":16,"column":33},"end":{"line":30,"column":1}},"6":{"start":{"line":17,"column":4},"end":{"line":29,"column":5}},"7":{"start":{"line":18,"column":28},"end":{"line":18,"column":53}},"8":{"start":{"line":19,"column":8},"end":{"line":19,"column":33}},"9":{"start":{"line":22,"column":8},"end":{"line":24,"column":9}},"10":{"start":{"line":23,"column":12},"end":{"line":23,"column":88}},"11":{"start":{"line":26,"column":8},"end":{"line":26,"column":42}},"12":{"start":{"line":28,"column":8},"end":{"line":28,"column":57}},"13":{"start":{"line":32,"column":33},"end":{"line":52,"column":1}},"14":{"start":{"line":33,"column":4},"end":{"line":51,"column":5}},"15":{"start":{"line":34,"column":28},"end":{"line":34,"column":103}},"16":{"start":{"line":35,"column":8},"end":{"line":37,"column":9}},"17":{"start":{"line":36,"column":12},"end":{"line":36,"column":78}},"18":{"start":{"line":40,"column":8},"end":{"line":46,"column":9}},"19":{"start":{"line":41,"column":12},"end":{"line":45,"column":15}},"20":{"start":{"line":48,"column":8},"end":{"line":48,"column":30}},"21":{"start":{"line":50,"column":8},"end":{"line":50,"column":57}},"22":{"start":{"line":54,"column":33},"end":{"line":64,"column":1}},"23":{"start":{"line":55,"column":4},"end":{"line":63,"column":5}},"24":{"start":{"line":56,"column":28},"end":{"line":56,"column":78}},"25":{"start":{"line":57,"column":8},"end":{"line":59,"column":9}},"26":{"start":{"line":58,"column":12},"end":{"line":58,"column":78}},"27":{"start":{"line":60,"column":8},"end":{"line":60,"column":66}},"28":{"start":{"line":62,"column":8},"end":{"line":62,"column":57}},"29":{"start":{"line":67,"column":43},"end":{"line":102,"column":1}},"30":{"start":{"line":68,"column":4},"end":{"line":101,"column":5}},"31":{"start":{"line":69,"column":23},"end":{"line":69,"column":41}},"32":{"start":{"line":70,"column":35},"end":{"line":70,"column":37}},"33":{"start":{"line":72,"column":8},"end":{"line":96,"column":11}},"34":{"start":{"line":73,"column":34},"end":{"line":73,"column":65}},"35":{"start":{"line":74,"column":33},"end":{"line":74,"column":65}},"36":{"start":{"line":75,"column":24},"end":{"line":75,"column":34}},"37":{"start":{"line":78,"column":41},"end":{"line":78,"column":91}},"38":{"start":{"line":79,"column":12},"end":{"line":85,"column":13}},"39":{"start":{"line":80,"column":16},"end":{"line":84,"column":19}},"40":{"start":{"line":88,"column":40},"end":{"line":88,"column":89}},"41":{"start":{"line":89,"column":12},"end":{"line":95,"column":13}},"42":{"start":{"line":90,"column":16},"end":{"line":94,"column":19}},"43":{"start":{"line":98,"column":8},"end":{"line":98,"column":37}},"44":{"start":{"line":100,"column":8},"end":{"line":100,"column":57}}},"fnMap":{"0":{"name":"(anonymous_0)","decl":{"start":{"line":5,"column":33},"end":{"line":5,"column":34}},"loc":{"start":{"line":5,"column":53},"end":{"line":14,"column":1}},"line":5},"1":{"name":"(anonymous_1)","decl":{"start":{"line":16,"column":33},"end":{"line":16,"column":34}},"loc":{"start":{"line":16,"column":53},"end":{"line":30,"column":1}},"line":16},"2":{"name":"(anonymous_2)","decl":{"start":{"line":32,"column":33},"end":{"line":32,"column":34}},"loc":{"start":{"line":32,"column":53},"end":{"line":52,"column":1}},"line":32},"3":{"name":"(anonymous_3)","decl":{"start":{"line":54,"column":33},"end":{"line":54,"column":34}},"loc":{"start":{"line":54,"column":53},"end":{"line":64,"column":1}},"line":54},"4":{"name":"(anonymous_4)","decl":{"start":{"line":67,"column":43},"end":{"line":67,"column":44}},"loc":{"start":{"line":67,"column":63},"end":{"line":102,"column":1}},"line":67},"5":{"name":"(anonymous_5)","decl":{"start":{"line":72,"column":23},"end":{"line":72,"column":24}},"loc":{"start":{"line":72,"column":32},"end":{"line":96,"column":9}},"line":72}},"branchMap":{"0":{"loc":{"start":{"line":22,"column":8},"end":{"line":24,"column":9}},"type":"if","locations":[{"start":{"line":22,"column":8},"end":{"line":24,"column":9}},{"start":{},"end":{}}],"line":22},"1":{"loc":{"start":{"line":35,"column":8},"end":{"line":37,"column":9}},"type":"if","locations":[{"start":{"line":35,"column":8},"end":{"line":37,"column":9}},{"start":{},"end":{}}],"line":35},"2":{"loc":{"start":{"line":40,"column":8},"end":{"line":46,"column":9}},"type":"if","locations":[{"start":{"line":40,"column":8},"end":{"line":46,"column":9}},{"start":{},"end":{}}],"line":40},"3":{"loc":{"start":{"line":43,"column":33},"end":{"line":43,"column":102}},"type":"cond-expr","locations":[{"start":{"line":43,"column":80},"end":{"line":43,"column":90}},{"start":{"line":43,"column":93},"end":{"line":43,"column":102}}],"line":43},"4":{"loc":{"start":{"line":44,"column":34},"end":{"line":44,"column":101}},"type":"cond-expr","locations":[{"start":{"line":44,"column":79},"end":{"line":44,"column":89}},{"start":{"line":44,"column":92},"end":{"line":44,"column":101}}],"line":44},"5":{"loc":{"start":{"line":57,"column":8},"end":{"line":59,"column":9}},"type":"if","locations":[{"start":{"line":57,"column":8},"end":{"line":59,"column":9}},{"start":{},"end":{}}],"line":57},"6":{"loc":{"start":{"line":79,"column":12},"end":{"line":85,"column":13}},"type":"if","locations":[{"start":{"line":79,"column":12},"end":{"line":85,"column":13}},{"start":{},"end":{}}],"line":79},"7":{"loc":{"start":{"line":89,"column":12},"end":{"line":95,"column":13}},"type":"if","locations":[{"start":{"line":89,"column":12},"end":{"line":95,"column":13}},{"start":{},"end":{}}],"line":89}},"s":{"0":0,"1":0,"2":0,"3":0,"4":0,"5":0,"6":0,"7":0,"8":0,"9":0,"10":0,"11":0,"12":0,"13":0,"14":0,"15":0,"16":0,"17":0,"18":0,"19":0,"20":0,"21":0,"22":0,"23":0,"24":0,"25":0,"26":0,"27":0,"28":0,"29":0,"30":0,"31":0,"32":0,"33":0,"34":0,"35":0,"36":0,"37":0,"38":0,"39":0,"40":0,"41":0,"42":0,"43":0,"44":0},"f":{"0":0,"1":0,"2":0,"3":0,"4":0,"5":0},"b":{"0":[0,0],"1":[0,0],"2":[0,0],"3":[0,0],"4":[0,0],"5":[0,0],"6":[0,0],"7":[0,0]}}
,"C:\\Users\\Youcode\\Desktop\\bc--nodejs-expressjs-mongodb-react-\\backend\\src\\controllers\\pdfController.js": {"path":"C:\\Users\\Youcode\\Desktop\\bc--nodejs-expressjs-mongodb-react-\\backend\\src\\controllers\\pdfController.js","statementMap":{"0":{"start":{"line":5,"column":31},"end":{"line":34,"column":1}},"1":{"start":{"line":6,"column":2},"end":{"line":33,"column":3}},"2":{"start":{"line":7,"column":4},"end":{"line":7,"column":103}},"3":{"start":{"line":10,"column":18},"end":{"line":12,"column":67}},"4":{"start":{"line":14,"column":4},"end":{"line":14,"column":53}},"5":{"start":{"line":16,"column":17},"end":{"line":19,"column":43}},"6":{"start":{"line":21,"column":4},"end":{"line":24,"column":5}},"7":{"start":{"line":22,"column":6},"end":{"line":22,"column":47}},"8":{"start":{"line":23,"column":6},"end":{"line":23,"column":82}},"9":{"start":{"line":26,"column":4},"end":{"line":26,"column":65}},"10":{"start":{"line":27,"column":4},"end":{"line":27,"column":31}},"11":{"start":{"line":29,"column":4},"end":{"line":29,"column":48}},"12":{"start":{"line":30,"column":4},"end":{"line":32,"column":5}},"13":{"start":{"line":31,"column":6},"end":{"line":31,"column":75}}},"fnMap":{"0":{"name":"(anonymous_0)","decl":{"start":{"line":5,"column":31},"end":{"line":5,"column":32}},"loc":{"start":{"line":5,"column":51},"end":{"line":34,"column":1}},"line":5}},"branchMap":{"0":{"loc":{"start":{"line":10,"column":18},"end":{"line":12,"column":67}},"type":"cond-expr","locations":[{"start":{"line":11,"column":8},"end":{"line":11,"column":30}},{"start":{"line":12,"column":8},"end":{"line":12,"column":67}}],"line":10},"1":{"loc":{"start":{"line":12,"column":38},"end":{"line":12,"column":65}},"type":"binary-expr","locations":[{"start":{"line":12,"column":38},"end":{"line":12,"column":49}},{"start":{"line":12,"column":53},"end":{"line":12,"column":65}}],"line":12},"2":{"loc":{"start":{"line":21,"column":4},"end":{"line":24,"column":5}},"type":"if","locations":[{"start":{"line":21,"column":4},"end":{"line":24,"column":5}},{"start":{},"end":{}}],"line":21},"3":{"loc":{"start":{"line":30,"column":4},"end":{"line":32,"column":5}},"type":"if","locations":[{"start":{"line":30,"column":4},"end":{"line":32,"column":5}},{"start":{},"end":{}}],"line":30}},"s":{"0":1,"1":3,"2":3,"3":3,"4":3,"5":3,"6":3,"7":1,"8":1,"9":2,"10":2,"11":0,"12":0,"13":0},"f":{"0":3},"b":{"0":[1,2],"1":[2,0],"2":[1,2],"3":[0,0]},"_coverageSchema":"1a1c01bbd47fc00a2c39e90264f33305004495a9","hash":"6b6775210c5af199d15aa4c1f5c4a46a1ccd4f2e"}
,"C:\\Users\\Youcode\\Desktop\\bc--nodejs-expressjs-mongodb-react-\\backend\\src\\controllers\\reportsController.js": {"path":"C:\\Users\\Youcode\\Desktop\\bc--nodejs-expressjs-mongodb-react-\\backend\\src\\controllers\\reportsController.js","statementMap":{"0":{"start":{"line":7,"column":40},"end":{"line":31,"column":1}},"1":{"start":{"line":8,"column":4},"end":{"line":30,"column":5}},"2":{"start":{"line":9,"column":39},"end":{"line":9,"column":48}},"3":{"start":{"line":11,"column":25},"end":{"line":16,"column":54}},"4":{"start":{"line":19,"column":28},"end":{"line":19,"column":80}},"5":{"start":{"line":19,"column":59},"end":{"line":19,"column":76}},"6":{"start":{"line":20,"column":26},"end":{"line":20,"column":76}},"7":{"start":{"line":20,"column":57},"end":{"line":20,"column":72}},"8":{"start":{"line":22,"column":8},"end":{"line":27,"column":11}},"9":{"start":{"line":29,"column":8},"end":{"line":29,"column":57}},"10":{"start":{"line":33,"column":36},"end":{"line":59,"column":1}},"11":{"start":{"line":34,"column":4},"end":{"line":58,"column":5}},"12":{"start":{"line":35,"column":23},"end":{"line":35,"column":41}},"13":{"start":{"line":37,"column":32},"end":{"line":47,"column":11}},"14":{"start":{"line":37,"column":53},"end":{"line":47,"column":9}},"15":{"start":{"line":49,"column":24},"end":{"line":49,"column":86}},"16":{"start":{"line":49,"column":63},"end":{"line":49,"column":82}},"17":{"start":{"line":51,"column":8},"end":{"line":55,"column":11}},"18":{"start":{"line":57,"column":8},"end":{"line":57,"column":57}},"19":{"start":{"line":61,"column":36},"end":{"line":88,"column":1}},"20":{"start":{"line":62,"column":4},"end":{"line":87,"column":5}},"21":{"start":{"line":63,"column":28},"end":{"line":65,"column":40}},"22":{"start":{"line":67,"column":33},"end":{"line":72,"column":9}},"23":{"start":{"line":69,"column":47},"end":{"line":69,"column":71}},"24":{"start":{"line":70,"column":47},"end":{"line":70,"column":71}},"25":{"start":{"line":71,"column":48},"end":{"line":71,"column":74}},"26":{"start":{"line":75,"column":23},"end":{"line":78,"column":14}},"27":{"start":{"line":76,"column":12},"end":{"line":76,"column":71}},"28":{"start":{"line":77,"column":12},"end":{"line":77,"column":23}},"29":{"start":{"line":80,"column":8},"end":{"line":84,"column":11}},"30":{"start":{"line":86,"column":8},"end":{"line":86,"column":57}},"31":{"start":{"line":90,"column":42},"end":{"line":126,"column":1}},"32":{"start":{"line":91,"column":4},"end":{"line":125,"column":5}},"33":{"start":{"line":92,"column":22},"end":{"line":94,"column":49}},"34":{"start":{"line":97,"column":28},"end":{"line":97,"column":30}},"35":{"start":{"line":99,"column":8},"end":{"line":114,"column":11}},"36":{"start":{"line":100,"column":29},"end":{"line":100,"column":55}},"37":{"start":{"line":101,"column":12},"end":{"line":109,"column":13}},"38":{"start":{"line":102,"column":16},"end":{"line":108,"column":18}},"39":{"start":{"line":111,"column":12},"end":{"line":111,"column":47}},"40":{"start":{"line":112,"column":12},"end":{"line":112,"column":64}},"41":{"start":{"line":113,"column":12},"end":{"line":113,"column":66}},"42":{"start":{"line":117,"column":8},"end":{"line":120,"column":11}},"43":{"start":{"line":118,"column":12},"end":{"line":118,"column":78}},"44":{"start":{"line":119,"column":12},"end":{"line":119,"column":75}},"45":{"start":{"line":122,"column":8},"end":{"line":122,"column":45}},"46":{"start":{"line":124,"column":8},"end":{"line":124,"column":57}},"47":{"start":{"line":128,"column":33},"end":{"line":165,"column":1}},"48":{"start":{"line":129,"column":4},"end":{"line":164,"column":5}},"49":{"start":{"line":130,"column":51},"end":{"line":135,"column":10}},"50":{"start":{"line":137,"column":22},"end":{"line":159,"column":9}},"51":{"start":{"line":140,"column":46},"end":{"line":140,"column":70}},"52":{"start":{"line":141,"column":42},"end":{"line":141,"column":63}},"53":{"start":{"line":142,"column":48},"end":{"line":142,"column":74}},"54":{"start":{"line":146,"column":43},"end":{"line":146,"column":65}},"55":{"start":{"line":147,"column":46},"end":{"line":147,"column":72}},"56":{"start":{"line":148,"column":45},"end":{"line":148,"column":69}},"57":{"start":{"line":152,"column":51},"end":{"line":152,"column":75}},"58":{"start":{"line":153,"column":51},"end":{"line":153,"column":75}},"59":{"start":{"line":156,"column":53},"end":{"line":156,"column":67}},"60":{"start":{"line":157,"column":51},"end":{"line":157,"column":63}},"61":{"start":{"line":161,"column":8},"end":{"line":161,"column":24}},"62":{"start":{"line":163,"column":8},"end":{"line":163,"column":57}}},"fnMap":{"0":{"name":"(anonymous_0)","decl":{"start":{"line":7,"column":40},"end":{"line":7,"column":41}},"loc":{"start":{"line":7,"column":60},"end":{"line":31,"column":1}},"line":7},"1":{"name":"(anonymous_1)","decl":{"start":{"line":19,"column":44},"end":{"line":19,"column":45}},"loc":{"start":{"line":19,"column":59},"end":{"line":19,"column":76}},"line":19},"2":{"name":"(anonymous_2)","decl":{"start":{"line":20,"column":42},"end":{"line":20,"column":43}},"loc":{"start":{"line":20,"column":57},"end":{"line":20,"column":72}},"line":20},"3":{"name":"(anonymous_3)","decl":{"start":{"line":33,"column":36},"end":{"line":33,"column":37}},"loc":{"start":{"line":33,"column":56},"end":{"line":59,"column":1}},"line":33},"4":{"name":"(anonymous_4)","decl":{"start":{"line":37,"column":43},"end":{"line":37,"column":44}},"loc":{"start":{"line":37,"column":53},"end":{"line":47,"column":9}},"line":37},"5":{"name":"(anonymous_5)","decl":{"start":{"line":49,"column":47},"end":{"line":49,"column":48}},"loc":{"start":{"line":49,"column":63},"end":{"line":49,"column":82}},"line":49},"6":{"name":"(anonymous_6)","decl":{"start":{"line":61,"column":36},"end":{"line":61,"column":37}},"loc":{"start":{"line":61,"column":56},"end":{"line":88,"column":1}},"line":61},"7":{"name":"(anonymous_7)","decl":{"start":{"line":69,"column":42},"end":{"line":69,"column":43}},"loc":{"start":{"line":69,"column":47},"end":{"line":69,"column":71}},"line":69},"8":{"name":"(anonymous_8)","decl":{"start":{"line":70,"column":42},"end":{"line":70,"column":43}},"loc":{"start":{"line":70,"column":47},"end":{"line":70,"column":71}},"line":70},"9":{"name":"(anonymous_9)","decl":{"start":{"line":71,"column":43},"end":{"line":71,"column":44}},"loc":{"start":{"line":71,"column":48},"end":{"line":71,"column":74}},"line":71},"10":{"name":"(anonymous_10)","decl":{"start":{"line":75,"column":42},"end":{"line":75,"column":43}},"loc":{"start":{"line":75,"column":54},"end":{"line":78,"column":9}},"line":75},"11":{"name":"(anonymous_11)","decl":{"start":{"line":90,"column":42},"end":{"line":90,"column":43}},"loc":{"start":{"line":90,"column":62},"end":{"line":126,"column":1}},"line":90},"12":{"name":"(anonymous_12)","decl":{"start":{"line":99,"column":22},"end":{"line":99,"column":23}},"loc":{"start":{"line":99,"column":30},"end":{"line":114,"column":9}},"line":99},"13":{"name":"(anonymous_13)","decl":{"start":{"line":117,"column":43},"end":{"line":117,"column":44}},"loc":{"start":{"line":117,"column":53},"end":{"line":120,"column":9}},"line":117},"14":{"name":"(anonymous_14)","decl":{"start":{"line":128,"column":33},"end":{"line":128,"column":34}},"loc":{"start":{"line":128,"column":53},"end":{"line":165,"column":1}},"line":128},"15":{"name":"(anonymous_15)","decl":{"start":{"line":140,"column":41},"end":{"line":140,"column":42}},"loc":{"start":{"line":140,"column":46},"end":{"line":140,"column":70}},"line":140},"16":{"name":"(anonymous_16)","decl":{"start":{"line":141,"column":37},"end":{"line":141,"column":38}},"loc":{"start":{"line":141,"column":42},"end":{"line":141,"column":63}},"line":141},"17":{"name":"(anonymous_17)","decl":{"start":{"line":142,"column":43},"end":{"line":142,"column":44}},"loc":{"start":{"line":142,"column":48},"end":{"line":142,"column":74}},"line":142},"18":{"name":"(anonymous_18)","decl":{"start":{"line":146,"column":38},"end":{"line":146,"column":39}},"loc":{"start":{"line":146,"column":43},"end":{"line":146,"column":65}},"line":146},"19":{"name":"(anonymous_19)","decl":{"start":{"line":147,"column":41},"end":{"line":147,"column":42}},"loc":{"start":{"line":147,"column":46},"end":{"line":147,"column":72}},"line":147},"20":{"name":"(anonymous_20)","decl":{"start":{"line":148,"column":40},"end":{"line":148,"column":41}},"loc":{"start":{"line":148,"column":45},"end":{"line":148,"column":69}},"line":148},"21":{"name":"(anonymous_21)","decl":{"start":{"line":152,"column":46},"end":{"line":152,"column":47}},"loc":{"start":{"line":152,"column":51},"end":{"line":152,"column":75}},"line":152},"22":{"name":"(anonymous_22)","decl":{"start":{"line":153,"column":46},"end":{"line":153,"column":47}},"loc":{"start":{"line":153,"column":51},"end":{"line":153,"column":75}},"line":153},"23":{"name":"(anonymous_23)","decl":{"start":{"line":156,"column":41},"end":{"line":156,"column":42}},"loc":{"start":{"line":156,"column":53},"end":{"line":156,"column":67}},"line":156},"24":{"name":"(anonymous_24)","decl":{"start":{"line":157,"column":39},"end":{"line":157,"column":40}},"loc":{"start":{"line":157,"column":51},"end":{"line":157,"column":63}},"line":157}},"branchMap":{"0":{"loc":{"start":{"line":13,"column":31},"end":{"line":13,"column":56}},"type":"binary-expr","locations":[{"start":{"line":13,"column":31},"end":{"line":13,"column":40}},{"start":{"line":13,"column":44},"end":{"line":13,"column":56}}],"line":13},"1":{"loc":{"start":{"line":14,"column":31},"end":{"line":14,"column":52}},"type":"binary-expr","locations":[{"start":{"line":14,"column":31},"end":{"line":14,"column":38}},{"start":{"line":14,"column":42},"end":{"line":14,"column":52}}],"line":14},"2":{"loc":{"start":{"line":25,"column":33},"end":{"line":25,"column":61}},"type":"binary-expr","locations":[{"start":{"line":25,"column":33},"end":{"line":25,"column":56}},{"start":{"line":25,"column":60},"end":{"line":25,"column":61}}],"line":25},"3":{"loc":{"start":{"line":53,"column":31},"end":{"line":53,"column":59}},"type":"binary-expr","locations":[{"start":{"line":53,"column":31},"end":{"line":53,"column":54}},{"start":{"line":53,"column":58},"end":{"line":53,"column":59}}],"line":53},"4":{"loc":{"start":{"line":76,"column":38},"end":{"line":76,"column":65}},"type":"binary-expr","locations":[{"start":{"line":76,"column":38},"end":{"line":76,"column":60}},{"start":{"line":76,"column":64},"end":{"line":76,"column":65}}],"line":76},"5":{"loc":{"start":{"line":101,"column":12},"end":{"line":109,"column":13}},"type":"if","locations":[{"start":{"line":101,"column":12},"end":{"line":109,"column":13}},{"start":{},"end":{}}],"line":101},"6":{"loc":{"start":{"line":112,"column":45},"end":{"line":112,"column":63}},"type":"binary-expr","locations":[{"start":{"line":112,"column":45},"end":{"line":112,"column":58}},{"start":{"line":112,"column":62},"end":{"line":112,"column":63}}],"line":112},"7":{"loc":{"start":{"line":113,"column":47},"end":{"line":113,"column":65}},"type":"binary-expr","locations":[{"start":{"line":113,"column":47},"end":{"line":113,"column":60}},{"start":{"line":113,"column":64},"end":{"line":113,"column":65}}],"line":113},"8":{"loc":{"start":{"line":118,"column":38},"end":{"line":118,"column":77}},"type":"binary-expr","locations":[{"start":{"line":118,"column":38},"end":{"line":118,"column":72}},{"start":{"line":118,"column":76},"end":{"line":118,"column":77}}],"line":118},"9":{"loc":{"start":{"line":119,"column":36},"end":{"line":119,"column":74}},"type":"binary-expr","locations":[{"start":{"line":119,"column":36},"end":{"line":119,"column":69}},{"start":{"line":119,"column":73},"end":{"line":119,"column":74}}],"line":119}},"s":{"0":0,"1":0,"2":0,"3":0,"4":0,"5":0,"6":0,"7":0,"8":0,"9":0,"10":0,"11":0,"12":0,"13":0,"14":0,"15":0,"16":0,"17":0,"18":0,"19":0,"20":0,"21":0,"22":0,"23":0,"24":0,"25":0,"26":0,"27":0,"28":0,"29":0,"30":0,"31":0,"32":0,"33":0,"34":0,"35":0,"36":0,"37":0,"38":0,"39":0,"40":0,"41":0,"42":0,"43":0,"44":0,"45":0,"46":0,"47":0,"48":0,"49":0,"50":0,"51":0,"52":0,"53":0,"54":0,"55":0,"56":0,"57":0,"58":0,"59":0,"60":0,"61":0,"62":0},"f":{"0":0,"1":0,"2":0,"3":0,"4":0,"5":0,"6":0,"7":0,"8":0,"9":0,"10":0,"11":0,"12":0,"13":0,"14":0,"15":0,"16":0,"17":0,"18":0,"19":0,"20":0,"21":0,"22":0,"23":0,"24":0},"b":{"0":[0,0],"1":[0,0],"2":[0,0],"3":[0,0],"4":[0,0],"5":[0,0],"6":[0,0],"7":[0,0],"8":[0,0],"9":[0,0]}}
,"C:\\Users\\Youcode\\Desktop\\bc--nodejs-expressjs-mongodb-react-\\backend\\src\\controllers\\tireController.js": {"path":"C:\\Users\\Youcode\\Desktop\\bc--nodejs-expressjs-mongodb-react-\\backend\\src\\controllers\\tireController.js","statementMap":{"0":{"start":{"line":4,"column":27},"end":{"line":12,"column":1}},"1":{"start":{"line":5,"column":4},"end":{"line":11,"column":5}},"2":{"start":{"line":6,"column":22},"end":{"line":6,"column":90}},"3":{"start":{"line":7,"column":8},"end":{"line":7,"column":24}},"4":{"start":{"line":9,"column":8},"end":{"line":9,"column":54}},"5":{"start":{"line":10,"column":8},"end":{"line":10,"column":57}},"6":{"start":{"line":14,"column":26},"end":{"line":22,"column":1}},"7":{"start":{"line":15,"column":4},"end":{"line":21,"column":5}},"8":{"start":{"line":16,"column":21},"end":{"line":16,"column":39}},"9":{"start":{"line":17,"column":8},"end":{"line":17,"column":26}},"10":{"start":{"line":18,"column":8},"end":{"line":18,"column":35}},"11":{"start":{"line":20,"column":8},"end":{"line":20,"column":57}},"12":{"start":{"line":24,"column":26},"end":{"line":34,"column":1}},"13":{"start":{"line":25,"column":4},"end":{"line":33,"column":5}},"14":{"start":{"line":26,"column":21},"end":{"line":26,"column":89}},"15":{"start":{"line":27,"column":8},"end":{"line":29,"column":9}},"16":{"start":{"line":28,"column":12},"end":{"line":28,"column":71}},"17":{"start":{"line":30,"column":8},"end":{"line":30,"column":23}},"18":{"start":{"line":32,"column":8},"end":{"line":32,"column":57}},"19":{"start":{"line":36,"column":26},"end":{"line":46,"column":1}},"20":{"start":{"line":37,"column":4},"end":{"line":45,"column":5}},"21":{"start":{"line":38,"column":21},"end":{"line":38,"column":64}},"22":{"start":{"line":39,"column":8},"end":{"line":41,"column":9}},"23":{"start":{"line":40,"column":12},"end":{"line":40,"column":71}},"24":{"start":{"line":42,"column":8},"end":{"line":42,"column":59}},"25":{"start":{"line":44,"column":8},"end":{"line":44,"column":57}},"26":{"start":{"line":49,"column":42},"end":{"line":61,"column":1}},"27":{"start":{"line":50,"column":4},"end":{"line":60,"column":5}},"28":{"start":{"line":51,"column":22},"end":{"line":56,"column":47}},"29":{"start":{"line":57,"column":8},"end":{"line":57,"column":24}},"30":{"start":{"line":59,"column":8},"end":{"line":59,"column":57}}},"fnMap":{"0":{"name":"(anonymous_0)","decl":{"start":{"line":4,"column":27},"end":{"line":4,"column":28}},"loc":{"start":{"line":4,"column":47},"end":{"line":12,"column":1}},"line":4},"1":{"name":"(anonymous_1)","decl":{"start":{"line":14,"column":26},"end":{"line":14,"column":27}},"loc":{"start":{"line":14,"column":46},"end":{"line":22,"column":1}},"line":14},"2":{"name":"(anonymous_2)","decl":{"start":{"line":24,"column":26},"end":{"line":24,"column":27}},"loc":{"start":{"line":24,"column":46},"end":{"line":34,"column":1}},"line":24},"3":{"name":"(anonymous_3)","decl":{"start":{"line":36,"column":26},"end":{"line":36,"column":27}},"loc":{"start":{"line":36,"column":46},"end":{"line":46,"column":1}},"line":36},"4":{"name":"(anonymous_4)","decl":{"start":{"line":49,"column":42},"end":{"line":49,"column":43}},"loc":{"start":{"line":49,"column":62},"end":{"line":61,"column":1}},"line":49}},"branchMap":{"0":{"loc":{"start":{"line":27,"column":8},"end":{"line":29,"column":9}},"type":"if","locations":[{"start":{"line":27,"column":8},"end":{"line":29,"column":9}},{"start":{},"end":{}}],"line":27},"1":{"loc":{"start":{"line":39,"column":8},"end":{"line":41,"column":9}},"type":"if","locations":[{"start":{"line":39,"column":8},"end":{"line":41,"column":9}},{"start":{},"end":{}}],"line":39}},"s":{"0":0,"1":0,"2":0,"3":0,"4":0,"5":0,"6":0,"7":0,"8":0,"9":0,"10":0,"11":0,"12":0,"13":0,"14":0,"15":0,"16":0,"17":0,"18":0,"19":0,"20":0,"21":0,"22":0,"23":0,"24":0,"25":0,"26":0,"27":0,"28":0,"29":0,"30":0},"f":{"0":0,"1":0,"2":0,"3":0,"4":0},"b":{"0":[0,0],"1":[0,0]}}
,"C:\\Users\\Youcode\\Desktop\\bc--nodejs-expressjs-mongodb-react-\\backend\\src\\controllers\\trailerController.js": {"path":"C:\\Users\\Youcode\\Desktop\\bc--nodejs-expressjs-mongodb-react-\\backend\\src\\controllers\\trailerController.js","statementMap":{"0":{"start":{"line":3,"column":30},"end":{"line":10,"column":1}},"1":{"start":{"line":4,"column":4},"end":{"line":9,"column":5}},"2":{"start":{"line":5,"column":25},"end":{"line":5,"column":45}},"3":{"start":{"line":6,"column":8},"end":{"line":6,"column":27}},"4":{"start":{"line":8,"column":8},"end":{"line":8,"column":57}},"5":{"start":{"line":12,"column":29},"end":{"line":20,"column":1}},"6":{"start":{"line":13,"column":4},"end":{"line":19,"column":5}},"7":{"start":{"line":14,"column":24},"end":{"line":14,"column":45}},"8":{"start":{"line":15,"column":8},"end":{"line":15,"column":29}},"9":{"start":{"line":16,"column":8},"end":{"line":16,"column":38}},"10":{"start":{"line":18,"column":8},"end":{"line":18,"column":57}},"11":{"start":{"line":22,"column":29},"end":{"line":32,"column":1}},"12":{"start":{"line":23,"column":4},"end":{"line":31,"column":5}},"13":{"start":{"line":24,"column":24},"end":{"line":24,"column":95}},"14":{"start":{"line":25,"column":8},"end":{"line":27,"column":9}},"15":{"start":{"line":26,"column":12},"end":{"line":26,"column":74}},"16":{"start":{"line":28,"column":8},"end":{"line":28,"column":26}},"17":{"start":{"line":30,"column":8},"end":{"line":30,"column":57}},"18":{"start":{"line":34,"column":29},"end":{"line":44,"column":1}},"19":{"start":{"line":35,"column":4},"end":{"line":43,"column":5}},"20":{"start":{"line":36,"column":24},"end":{"line":36,"column":70}},"21":{"start":{"line":37,"column":8},"end":{"line":39,"column":9}},"22":{"start":{"line":38,"column":12},"end":{"line":38,"column":74}},"23":{"start":{"line":40,"column":8},"end":{"line":40,"column":62}},"24":{"start":{"line":42,"column":8},"end":{"line":42,"column":57}}},"fnMap":{"0":{"name":"(anonymous_0)","decl":{"start":{"line":3,"column":30},"end":{"line":3,"column":31}},"loc":{"start":{"line":3,"column":50},"end":{"line":10,"column":1}},"line":3},"1":{"name":"(anonymous_1)","decl":{"start":{"line":12,"column":29},"end":{"line":12,"column":30}},"loc":{"start":{"line":12,"column":49},"end":{"line":20,"column":1}},"line":12},"2":{"name":"(anonymous_2)","decl":{"start":{"line":22,"column":29},"end":{"line":22,"column":30}},"loc":{"start":{"line":22,"column":49},"end":{"line":32,"column":1}},"line":22},"3":{"name":"(anonymous_3)","decl":{"start":{"line":34,"column":29},"end":{"line":34,"column":30}},"loc":{"start":{"line":34,"column":49},"end":{"line":44,"column":1}},"line":34}},"branchMap":{"0":{"loc":{"start":{"line":25,"column":8},"end":{"line":27,"column":9}},"type":"if","locations":[{"start":{"line":25,"column":8},"end":{"line":27,"column":9}},{"start":{},"end":{}}],"line":25},"1":{"loc":{"start":{"line":37,"column":8},"end":{"line":39,"column":9}},"type":"if","locations":[{"start":{"line":37,"column":8},"end":{"line":39,"column":9}},{"start":{},"end":{}}],"line":37}},"s":{"0":1,"1":1,"2":1,"3":1,"4":0,"5":1,"6":2,"7":2,"8":2,"9":1,"10":1,"11":1,"12":1,"13":1,"14":1,"15":0,"16":1,"17":0,"18":1,"19":1,"20":1,"21":1,"22":0,"23":1,"24":0},"f":{"0":1,"1":2,"2":1,"3":1},"b":{"0":[0,1],"1":[0,1]},"_coverageSchema":"1a1c01bbd47fc00a2c39e90264f33305004495a9","hash":"cfc7e1e0bb39db5b6c2f01383ce0cf620a42bb04"}
,"C:\\Users\\Youcode\\Desktop\\bc--nodejs-expressjs-mongodb-react-\\backend\\src\\controllers\\tripController.js": {"path":"C:\\Users\\Youcode\\Desktop\\bc--nodejs-expressjs-mongodb-react-\\backend\\src\\controllers\\tripController.js","statementMap":{"0":{"start":{"line":7,"column":27},"end":{"line":17,"column":1}},"1":{"start":{"line":8,"column":4},"end":{"line":16,"column":5}},"2":{"start":{"line":9,"column":22},"end":{"line":12,"column":51}},"3":{"start":{"line":13,"column":8},"end":{"line":13,"column":24}},"4":{"start":{"line":15,"column":8},"end":{"line":15,"column":57}},"5":{"start":{"line":20,"column":26},"end":{"line":45,"column":1}},"6":{"start":{"line":21,"column":4},"end":{"line":44,"column":5}},"7":{"start":{"line":23,"column":8},"end":{"line":25,"column":9}},"8":{"start":{"line":24,"column":12},"end":{"line":24,"column":95}},"9":{"start":{"line":30,"column":21},"end":{"line":30,"column":39}},"10":{"start":{"line":31,"column":8},"end":{"line":31,"column":26}},"11":{"start":{"line":34,"column":8},"end":{"line":36,"column":9}},"12":{"start":{"line":35,"column":12},"end":{"line":35,"column":76}},"13":{"start":{"line":38,"column":8},"end":{"line":41,"column":11}},"14":{"start":{"line":43,"column":8},"end":{"line":43,"column":57}},"15":{"start":{"line":48,"column":26},"end":{"line":58,"column":1}},"16":{"start":{"line":49,"column":4},"end":{"line":57,"column":5}},"17":{"start":{"line":50,"column":21},"end":{"line":50,"column":89}},"18":{"start":{"line":51,"column":8},"end":{"line":53,"column":9}},"19":{"start":{"line":52,"column":12},"end":{"line":52,"column":71}},"20":{"start":{"line":54,"column":8},"end":{"line":54,"column":23}},"21":{"start":{"line":56,"column":8},"end":{"line":56,"column":57}},"22":{"start":{"line":61,"column":26},"end":{"line":81,"column":1}},"23":{"start":{"line":62,"column":4},"end":{"line":80,"column":5}},"24":{"start":{"line":64,"column":21},"end":{"line":64,"column":64}},"25":{"start":{"line":65,"column":8},"end":{"line":67,"column":9}},"26":{"start":{"line":66,"column":12},"end":{"line":66,"column":108}},"27":{"start":{"line":68,"column":8},"end":{"line":70,"column":9}},"28":{"start":{"line":69,"column":12},"end":{"line":69,"column":71}},"29":{"start":{"line":73,"column":8},"end":{"line":75,"column":9}},"30":{"start":{"line":74,"column":12},"end":{"line":74,"column":79}},"31":{"start":{"line":77,"column":8},"end":{"line":77,"column":59}},"32":{"start":{"line":79,"column":8},"end":{"line":79,"column":57}},"33":{"start":{"line":84,"column":29},"end":{"line":91,"column":1}},"34":{"start":{"line":85,"column":4},"end":{"line":90,"column":5}},"35":{"start":{"line":86,"column":24},"end":{"line":86,"column":84}},"36":{"start":{"line":87,"column":8},"end":{"line":87,"column":26}},"37":{"start":{"line":89,"column":8},"end":{"line":89,"column":57}}},"fnMap":{"0":{"name":"(anonymous_0)","decl":{"start":{"line":7,"column":27},"end":{"line":7,"column":28}},"loc":{"start":{"line":7,"column":47},"end":{"line":17,"column":1}},"line":7},"1":{"name":"(anonymous_1)","decl":{"start":{"line":20,"column":26},"end":{"line":20,"column":27}},"loc":{"start":{"line":20,"column":46},"end":{"line":45,"column":1}},"line":20},"2":{"name":"(anonymous_2)","decl":{"start":{"line":48,"column":26},"end":{"line":48,"column":27}},"loc":{"start":{"line":48,"column":46},"end":{"line":58,"column":1}},"line":48},"3":{"name":"(anonymous_3)","decl":{"start":{"line":61,"column":26},"end":{"line":61,"column":27}},"loc":{"start":{"line":61,"column":46},"end":{"line":81,"column":1}},"line":61},"4":{"name":"(anonymous_4)","decl":{"start":{"line":84,"column":29},"end":{"line":84,"column":30}},"loc":{"start":{"line":84,"column":49},"end":{"line":91,"column":1}},"line":84}},"branchMap":{"0":{"loc":{"start":{"line":23,"column":8},"end":{"line":25,"column":9}},"type":"if","locations":[{"start":{"line":23,"column":8},"end":{"line":25,"column":9}},{"start":{},"end":{}}],"line":23},"1":{"loc":{"start":{"line":34,"column":8},"end":{"line":36,"column":9}},"type":"if","locations":[{"start":{"line":34,"column":8},"end":{"line":36,"column":9}},{"start":{},"end":{}}],"line":34},"2":{"loc":{"start":{"line":34,"column":12},"end":{"line":34,"column":55}},"type":"binary-expr","locations":[{"start":{"line":34,"column":12},"end":{"line":34,"column":22}},{"start":{"line":34,"column":26},"end":{"line":34,"column":55}}],"line":34},"3":{"loc":{"start":{"line":51,"column":8},"end":{"line":53,"column":9}},"type":"if","locations":[{"start":{"line":51,"column":8},"end":{"line":53,"column":9}},{"start":{},"end":{}}],"line":51},"4":{"loc":{"start":{"line":65,"column":8},"end":{"line":67,"column":9}},"type":"if","locations":[{"start":{"line":65,"column":8},"end":{"line":67,"column":9}},{"start":{},"end":{}}],"line":65},"5":{"loc":{"start":{"line":65,"column":11},"end":{"line":65,"column":69}},"type":"binary-expr","locations":[{"start":{"line":65,"column":11},"end":{"line":65,"column":40}},{"start":{"line":65,"column":44},"end":{"line":65,"column":69}}],"line":65},"6":{"loc":{"start":{"line":68,"column":8},"end":{"line":70,"column":9}},"type":"if","locations":[{"start":{"line":68,"column":8},"end":{"line":70,"column":9}},{"start":{},"end":{}}],"line":68},"7":{"loc":{"start":{"line":73,"column":8},"end":{"line":75,"column":9}},"type":"if","locations":[{"start":{"line":73,"column":8},"end":{"line":75,"column":9}},{"start":{},"end":{}}],"line":73}},"s":{"0":0,"1":0,"2":0,"3":0,"4":0,"5":0,"6":0,"7":0,"8":0,"9":0,"10":0,"11":0,"12":0,"13":0,"14":0,"15":0,"16":0,"17":0,"18":0,"19":0,"20":0,"21":0,"22":0,"23":0,"24":0,"25":0,"26":0,"27":0,"28":0,"29":0,"30":0,"31":0,"32":0,"33":0,"34":0,"35":0,"36":0,"37":0},"f":{"0":0,"1":0,"2":0,"3":0,"4":0},"b":{"0":[0,0],"1":[0,0],"2":[0,0],"3":[0,0],"4":[0,0],"5":[0,0],"6":[0,0],"7":[0,0]}}
,"C:\\Users\\Youcode\\Desktop\\bc--nodejs-expressjs-mongodb-react-\\backend\\src\\controllers\\truckController.js": {"path":"C:\\Users\\Youcode\\Desktop\\bc--nodejs-expressjs-mongodb-react-\\backend\\src\\controllers\\truckController.js","statementMap":{"0":{"start":{"line":4,"column":28},"end":{"line":11,"column":1}},"1":{"start":{"line":5,"column":4},"end":{"line":10,"column":5}},"2":{"start":{"line":6,"column":23},"end":{"line":6,"column":41}},"3":{"start":{"line":7,"column":8},"end":{"line":7,"column":25}},"4":{"start":{"line":9,"column":8},"end":{"line":9,"column":57}},"5":{"start":{"line":13,"column":27},"end":{"line":28,"column":1}},"6":{"start":{"line":14,"column":4},"end":{"line":27,"column":5}},"7":{"start":{"line":16,"column":22},"end":{"line":16,"column":57}},"8":{"start":{"line":17,"column":8},"end":{"line":20,"column":9}},"9":{"start":{"line":19,"column":12},"end":{"line":19,"column":76}},"10":{"start":{"line":21,"column":8},"end":{"line":24,"column":11}},"11":{"start":{"line":26,"column":8},"end":{"line":26,"column":57}},"12":{"start":{"line":30,"column":27},"end":{"line":40,"column":1}},"13":{"start":{"line":31,"column":4},"end":{"line":39,"column":5}},"14":{"start":{"line":32,"column":22},"end":{"line":32,"column":91}},"15":{"start":{"line":33,"column":8},"end":{"line":35,"column":9}},"16":{"start":{"line":34,"column":12},"end":{"line":34,"column":72}},"17":{"start":{"line":36,"column":8},"end":{"line":36,"column":24}},"18":{"start":{"line":38,"column":8},"end":{"line":38,"column":57}},"19":{"start":{"line":42,"column":27},"end":{"line":52,"column":1}},"20":{"start":{"line":43,"column":4},"end":{"line":51,"column":5}},"21":{"start":{"line":44,"column":22},"end":{"line":44,"column":67}},"22":{"start":{"line":45,"column":8},"end":{"line":47,"column":9}},"23":{"start":{"line":46,"column":12},"end":{"line":46,"column":72}},"24":{"start":{"line":48,"column":8},"end":{"line":48,"column":60}},"25":{"start":{"line":50,"column":8},"end":{"line":50,"column":57}}},"fnMap":{"0":{"name":"(anonymous_0)","decl":{"start":{"line":4,"column":28},"end":{"line":4,"column":29}},"loc":{"start":{"line":4,"column":48},"end":{"line":11,"column":1}},"line":4},"1":{"name":"(anonymous_1)","decl":{"start":{"line":13,"column":27},"end":{"line":13,"column":28}},"loc":{"start":{"line":13,"column":47},"end":{"line":28,"column":1}},"line":13},"2":{"name":"(anonymous_2)","decl":{"start":{"line":30,"column":27},"end":{"line":30,"column":28}},"loc":{"start":{"line":30,"column":47},"end":{"line":40,"column":1}},"line":30},"3":{"name":"(anonymous_3)","decl":{"start":{"line":42,"column":27},"end":{"line":42,"column":28}},"loc":{"start":{"line":42,"column":47},"end":{"line":52,"column":1}},"line":42}},"branchMap":{"0":{"loc":{"start":{"line":17,"column":8},"end":{"line":20,"column":9}},"type":"if","locations":[{"start":{"line":17,"column":8},"end":{"line":20,"column":9}},{"start":{},"end":{}}],"line":17},"1":{"loc":{"start":{"line":33,"column":8},"end":{"line":35,"column":9}},"type":"if","locations":[{"start":{"line":33,"column":8},"end":{"line":35,"column":9}},{"start":{},"end":{}}],"line":33},"2":{"loc":{"start":{"line":45,"column":8},"end":{"line":47,"column":9}},"type":"if","locations":[{"start":{"line":45,"column":8},"end":{"line":47,"column":9}},{"start":{},"end":{}}],"line":45}},"s":{"0":1,"1":2,"2":2,"3":1,"4":1,"5":1,"6":2,"7":2,"8":1,"9":0,"10":1,"11":1,"12":1,"13":1,"14":1,"15":1,"16":0,"17":1,"18":0,"19":1,"20":1,"21":1,"22":1,"23":0,"24":1,"25":0},"f":{"0":2,"1":2,"2":1,"3":1},"b":{"0":[0,1],"1":[0,1],"2":[0,1]},"_coverageSchema":"1a1c01bbd47fc00a2c39e90264f33305004495a9","hash":"df0a7f098bccebb1e7596272d8da2d43b590266b"}
,"C:\\Users\\Youcode\\Desktop\\bc--nodejs-expressjs-mongodb-react-\\backend\\src\\middlewares\\auth.js": {"path":"C:\\Users\\Youcode\\Desktop\\bc--nodejs-expressjs-mongodb-react-\\backend\\src\\middlewares\\auth.js","statementMap":{"0":{"start":{"line":5,"column":33},"end":{"line":27,"column":1}},"1":{"start":{"line":6,"column":2},"end":{"line":26,"column":3}},"2":{"start":{"line":7,"column":23},"end":{"line":7,"column":51}},"3":{"start":{"line":8,"column":18},"end":{"line":8,"column":56}},"4":{"start":{"line":10,"column":4},"end":{"line":12,"column":5}},"5":{"start":{"line":11,"column":6},"end":{"line":11,"column":72}},"6":{"start":{"line":15,"column":20},"end":{"line":15,"column":61}},"7":{"start":{"line":16,"column":17},"end":{"line":16,"column":68}},"8":{"start":{"line":18,"column":4},"end":{"line":20,"column":5}},"9":{"start":{"line":19,"column":6},"end":{"line":19,"column":65}},"10":{"start":{"line":22,"column":4},"end":{"line":22,"column":20}},"11":{"start":{"line":23,"column":4},"end":{"line":23,"column":11}},"12":{"start":{"line":25,"column":4},"end":{"line":25,"column":62}},"13":{"start":{"line":30,"column":29},"end":{"line":42,"column":1}},"14":{"start":{"line":31,"column":2},"end":{"line":41,"column":4}},"15":{"start":{"line":32,"column":4},"end":{"line":34,"column":5}},"16":{"start":{"line":33,"column":6},"end":{"line":33,"column":73}},"17":{"start":{"line":36,"column":4},"end":{"line":38,"column":5}},"18":{"start":{"line":37,"column":6},"end":{"line":37,"column":75}},"19":{"start":{"line":40,"column":4},"end":{"line":40,"column":11}}},"fnMap":{"0":{"name":"(anonymous_0)","decl":{"start":{"line":5,"column":33},"end":{"line":5,"column":34}},"loc":{"start":{"line":5,"column":59},"end":{"line":27,"column":1}},"line":5},"1":{"name":"(anonymous_1)","decl":{"start":{"line":30,"column":29},"end":{"line":30,"column":30}},"loc":{"start":{"line":30,"column":40},"end":{"line":42,"column":1}},"line":30},"2":{"name":"(anonymous_2)","decl":{"start":{"line":31,"column":9},"end":{"line":31,"column":10}},"loc":{"start":{"line":31,"column":29},"end":{"line":41,"column":3}},"line":31}},"branchMap":{"0":{"loc":{"start":{"line":8,"column":18},"end":{"line":8,"column":56}},"type":"binary-expr","locations":[{"start":{"line":8,"column":18},"end":{"line":8,"column":28}},{"start":{"line":8,"column":32},"end":{"line":8,"column":56}}],"line":8},"1":{"loc":{"start":{"line":10,"column":4},"end":{"line":12,"column":5}},"type":"if","locations":[{"start":{"line":10,"column":4},"end":{"line":12,"column":5}},{"start":{},"end":{}}],"line":10},"2":{"loc":{"start":{"line":18,"column":4},"end":{"line":20,"column":5}},"type":"if","locations":[{"start":{"line":18,"column":4},"end":{"line":20,"column":5}},{"start":{},"end":{}}],"line":18},"3":{"loc":{"start":{"line":32,"column":4},"end":{"line":34,"column":5}},"type":"if","locations":[{"start":{"line":32,"column":4},"end":{"line":34,"column":5}},{"start":{},"end":{}}],"line":32},"4":{"loc":{"start":{"line":36,"column":4},"end":{"line":38,"column":5}},"type":"if","locations":[{"start":{"line":36,"column":4},"end":{"line":38,"column":5}},{"start":{},"end":{}}],"line":36}},"s":{"0":0,"1":0,"2":0,"3":0,"4":0,"5":0,"6":0,"7":0,"8":0,"9":0,"10":0,"11":0,"12":0,"13":0,"14":0,"15":0,"16":0,"17":0,"18":0,"19":0},"f":{"0":0,"1":0,"2":0},"b":{"0":[0,0],"1":[0,0],"2":[0,0],"3":[0,0],"4":[0,0]}}
,"C:\\Users\\Youcode\\Desktop\\bc--nodejs-expressjs-mongodb-react-\\backend\\src\\middlewares\\errorHandler.js": {"path":"C:\\Users\\Youcode\\Desktop\\bc--nodejs-expressjs-mongodb-react-\\backend\\src\\middlewares\\errorHandler.js","statementMap":{"0":{"start":{"line":1,"column":28},"end":{"line":18,"column":3}},"1":{"start":{"line":2,"column":4},"end":{"line":2,"column":28}},"2":{"start":{"line":4,"column":4},"end":{"line":9,"column":5}},"3":{"start":{"line":5,"column":6},"end":{"line":8,"column":8}},"4":{"start":{"line":7,"column":53},"end":{"line":7,"column":62}},"5":{"start":{"line":11,"column":4},"end":{"line":13,"column":5}},"6":{"start":{"line":12,"column":6},"end":{"line":12,"column":67}},"7":{"start":{"line":15,"column":4},"end":{"line":17,"column":6}}},"fnMap":{"0":{"name":"(anonymous_0)","decl":{"start":{"line":1,"column":28},"end":{"line":1,"column":29}},"loc":{"start":{"line":1,"column":53},"end":{"line":18,"column":3}},"line":1},"1":{"name":"(anonymous_1)","decl":{"start":{"line":7,"column":46},"end":{"line":7,"column":47}},"loc":{"start":{"line":7,"column":53},"end":{"line":7,"column":62}},"line":7}},"branchMap":{"0":{"loc":{"start":{"line":4,"column":4},"end":{"line":9,"column":5}},"type":"if","locations":[{"start":{"line":4,"column":4},"end":{"line":9,"column":5}},{"start":{},"end":{}}],"line":4},"1":{"loc":{"start":{"line":11,"column":4},"end":{"line":13,"column":5}},"type":"if","locations":[{"start":{"line":11,"column":4},"end":{"line":13,"column":5}},{"start":{},"end":{}}],"line":11},"2":{"loc":{"start":{"line":15,"column":15},"end":{"line":15,"column":32}},"type":"binary-expr","locations":[{"start":{"line":15,"column":15},"end":{"line":15,"column":25}},{"start":{"line":15,"column":29},"end":{"line":15,"column":32}}],"line":15},"3":{"loc":{"start":{"line":16,"column":15},"end":{"line":16,"column":53}},"type":"binary-expr","locations":[{"start":{"line":16,"column":15},"end":{"line":16,"column":26}},{"start":{"line":16,"column":30},"end":{"line":16,"column":53}}],"line":16}},"s":{"0":0,"1":0,"2":0,"3":0,"4":0,"5":0,"6":0,"7":0},"f":{"0":0,"1":0},"b":{"0":[0,0],"1":[0,0],"2":[0,0],"3":[0,0]}}
,"C:\\Users\\Youcode\\Desktop\\bc--nodejs-expressjs-mongodb-react-\\backend\\src\\middlewares\\validation.js": {"path":"C:\\Users\\Youcode\\Desktop\\bc--nodejs-expressjs-mongodb-react-\\backend\\src\\middlewares\\validation.js","statementMap":{"0":{"start":{"line":4,"column":28},"end":{"line":12,"column":4}},"1":{"start":{"line":14,"column":29},"end":{"line":17,"column":4}},"2":{"start":{"line":19,"column":34},"end":{"line":23,"column":4}},"3":{"start":{"line":25,"column":36},"end":{"line":32,"column":4}},"4":{"start":{"line":37,"column":24},"end":{"line":56,"column":1}},"5":{"start":{"line":38,"column":4},"end":{"line":55,"column":6}},"6":{"start":{"line":39,"column":26},"end":{"line":39,"column":74}},"7":{"start":{"line":41,"column":8},"end":{"line":52,"column":9}},"8":{"start":{"line":42,"column":27},"end":{"line":45,"column":15}},"9":{"start":{"line":42,"column":56},"end":{"line":45,"column":13}},"10":{"start":{"line":47,"column":12},"end":{"line":51,"column":15}},"11":{"start":{"line":54,"column":8},"end":{"line":54,"column":15}}},"fnMap":{"0":{"name":"(anonymous_0)","decl":{"start":{"line":37,"column":24},"end":{"line":37,"column":25}},"loc":{"start":{"line":37,"column":36},"end":{"line":56,"column":1}},"line":37},"1":{"name":"(anonymous_1)","decl":{"start":{"line":38,"column":11},"end":{"line":38,"column":12}},"loc":{"start":{"line":38,"column":31},"end":{"line":55,"column":5}},"line":38},"2":{"name":"(anonymous_2)","decl":{"start":{"line":42,"column":45},"end":{"line":42,"column":46}},"loc":{"start":{"line":42,"column":56},"end":{"line":45,"column":13}},"line":42}},"branchMap":{"0":{"loc":{"start":{"line":41,"column":8},"end":{"line":52,"column":9}},"type":"if","locations":[{"start":{"line":41,"column":8},"end":{"line":52,"column":9}},{"start":{},"end":{}}],"line":41}},"s":{"0":0,"1":0,"2":0,"3":0,"4":0,"5":0,"6":0,"7":0,"8":0,"9":0,"10":0,"11":0},"f":{"0":0,"1":0,"2":0},"b":{"0":[0,0]}}
,"C:\\Users\\Youcode\\Desktop\\bc--nodejs-expressjs-mongodb-react-\\backend\\src\\models\\fuel.js": {"path":"C:\\Users\\Youcode\\Desktop\\bc--nodejs-expressjs-mongodb-react-\\backend\\src\\models\\fuel.js","statementMap":{"0":{"start":{"line":4,"column":19},"end":{"line":29,"column":2}}},"fnMap":{},"branchMap":{},"s":{"0":0},"f":{},"b":{}}
,"C:\\Users\\Youcode\\Desktop\\bc--nodejs-expressjs-mongodb-react-\\backend\\src\\models\\maintenance.js": {"path":"C:\\Users\\Youcode\\Desktop\\bc--nodejs-expressjs-mongodb-react-\\backend\\src\\models\\maintenance.js","statementMap":{"0":{"start":{"line":3,"column":26},"end":{"line":18,"column":2}}},"fnMap":{},"branchMap":{},"s":{"0":2},"f":{},"b":{},"_coverageSchema":"1a1c01bbd47fc00a2c39e90264f33305004495a9","hash":"7f991c4c9812fe7e46029187ee91b278ab036498"}
,"C:\\Users\\Youcode\\Desktop\\bc--nodejs-expressjs-mongodb-react-\\backend\\src\\models\\tire.js": {"path":"C:\\Users\\Youcode\\Desktop\\bc--nodejs-expressjs-mongodb-react-\\backend\\src\\models\\tire.js","statementMap":{"0":{"start":{"line":3,"column":19},"end":{"line":23,"column":2}}},"fnMap":{},"branchMap":{},"s":{"0":0},"f":{},"b":{}}
,"C:\\Users\\Youcode\\Desktop\\bc--nodejs-expressjs-mongodb-react-\\backend\\src\\models\\trailer.js": {"path":"C:\\Users\\Youcode\\Desktop\\bc--nodejs-expressjs-mongodb-react-\\backend\\src\\models\\trailer.js","statementMap":{"0":{"start":{"line":4,"column":22},"end":{"line":29,"column":2}}},"fnMap":{},"branchMap":{},"s":{"0":4},"f":{},"b":{},"_coverageSchema":"1a1c01bbd47fc00a2c39e90264f33305004495a9","hash":"3056bf75ce22b1deb03198784fac5d66272cc5c9"}
,"C:\\Users\\Youcode\\Desktop\\bc--nodejs-expressjs-mongodb-react-\\backend\\src\\models\\trip.js": {"path":"C:\\Users\\Youcode\\Desktop\\bc--nodejs-expressjs-mongodb-react-\\backend\\src\\models\\trip.js","statementMap":{"0":{"start":{"line":3,"column":19},"end":{"line":34,"column":26}},"1":{"start":{"line":36,"column":2},"end":{"line":41,"column":5}},"2":{"start":{"line":37,"column":4},"end":{"line":39,"column":5}},"3":{"start":{"line":38,"column":6},"end":{"line":38,"column":39}},"4":{"start":{"line":40,"column":4},"end":{"line":40,"column":13}}},"fnMap":{"0":{"name":"(anonymous_0)","decl":{"start":{"line":36,"column":37},"end":{"line":36,"column":38}},"loc":{"start":{"line":36,"column":48},"end":{"line":41,"column":3}},"line":36}},"branchMap":{"0":{"loc":{"start":{"line":37,"column":4},"end":{"line":39,"column":5}},"type":"if","locations":[{"start":{"line":37,"column":4},"end":{"line":39,"column":5}},{"start":{},"end":{}}],"line":37},"1":{"loc":{"start":{"line":37,"column":8},"end":{"line":37,"column":34}},"type":"binary-expr","locations":[{"start":{"line":37,"column":8},"end":{"line":37,"column":18}},{"start":{"line":37,"column":22},"end":{"line":37,"column":34}}],"line":37}},"s":{"0":3,"1":3,"2":0,"3":0,"4":0},"f":{"0":0},"b":{"0":[0,0],"1":[0,0]},"_coverageSchema":"1a1c01bbd47fc00a2c39e90264f33305004495a9","hash":"23b56079dd3565bddb84596fd5df9f39a4e24fc0"}
,"C:\\Users\\Youcode\\Desktop\\bc--nodejs-expressjs-mongodb-react-\\backend\\src\\models\\truck.js": {"path":"C:\\Users\\Youcode\\Desktop\\bc--nodejs-expressjs-mongodb-react-\\backend\\src\\models\\truck.js","statementMap":{"0":{"start":{"line":3,"column":20},"end":{"line":53,"column":2}}},"fnMap":{},"branchMap":{},"s":{"0":4},"f":{},"b":{},"_coverageSchema":"1a1c01bbd47fc00a2c39e90264f33305004495a9","hash":"3e52852a93ec5faeaa67ffd2614f9d00ab36e2bf"}
,"C:\\Users\\Youcode\\Desktop\\bc--nodejs-expressjs-mongodb-react-\\backend\\src\\models\\user.js": {"path":"C:\\Users\\Youcode\\Desktop\\bc--nodejs-expressjs-mongodb-react-\\backend\\src\\models\\user.js","statementMap":{"0":{"start":{"line":4,"column":19},"end":{"line":38,"column":2}}},"fnMap":{},"branchMap":{},"s":{"0":4},"f":{},"b":{},"_coverageSchema":"1a1c01bbd47fc00a2c39e90264f33305004495a9","hash":"d7b0f0cd0408e284c81ce42d93b6d45ea612e825"}
,"C:\\Users\\Youcode\\Desktop\\bc--nodejs-expressjs-mongodb-react-\\backend\\src\\routes\\DriverRoutes.js": {"path":"C:\\Users\\Youcode\\Desktop\\bc--nodejs-expressjs-mongodb-react-\\backend\\src\\routes\\DriverRoutes.js","statementMap":{"0":{"start":{"line":11,"column":15},"end":{"line":11,"column":31}},"1":{"start":{"line":14,"column":2},"end":{"line":14,"column":90}},"2":{"start":{"line":16,"column":2},"end":{"line":18,"column":4}},"3":{"start":{"line":20,"column":2},"end":{"line":22,"column":4}},"4":{"start":{"line":23,"column":2},"end":{"line":23,"column":94}}},"fnMap":{},"branchMap":{},"s":{"0":0,"1":0,"2":0,"3":0,"4":0},"f":{},"b":{}}
,"C:\\Users\\Youcode\\Desktop\\bc--nodejs-expressjs-mongodb-react-\\backend\\src\\routes\\adminRoutes.js": {"path":"C:\\Users\\Youcode\\Desktop\\bc--nodejs-expressjs-mongodb-react-\\backend\\src\\routes\\adminRoutes.js","statementMap":{"0":{"start":{"line":5,"column":15},"end":{"line":5,"column":31}},"1":{"start":{"line":8,"column":0},"end":{"line":8,"column":83}},"2":{"start":{"line":9,"column":0},"end":{"line":9,"column":97}},"3":{"start":{"line":10,"column":0},"end":{"line":10,"column":76}},"4":{"start":{"line":11,"column":0},"end":{"line":11,"column":83}}},"fnMap":{},"branchMap":{},"s":{"0":0,"1":0,"2":0,"3":0,"4":0},"f":{},"b":{}}
,"C:\\Users\\Youcode\\Desktop\\bc--nodejs-expressjs-mongodb-react-\\backend\\src\\routes\\authRoutes.js": {"path":"C:\\Users\\Youcode\\Desktop\\bc--nodejs-expressjs-mongodb-react-\\backend\\src\\routes\\authRoutes.js","statementMap":{"0":{"start":{"line":7,"column":15},"end":{"line":7,"column":31}},"1":{"start":{"line":9,"column":0},"end":{"line":9,"column":61}},"2":{"start":{"line":10,"column":0},"end":{"line":10,"column":56}},"3":{"start":{"line":11,"column":0},"end":{"line":11,"column":32}}},"fnMap":{},"branchMap":{},"s":{"0":0,"1":0,"2":0,"3":0},"f":{},"b":{}}
,"C:\\Users\\Youcode\\Desktop\\bc--nodejs-expressjs-mongodb-react-\\backend\\src\\routes\\maintenanceRoutes.js": {"path":"C:\\Users\\Youcode\\Desktop\\bc--nodejs-expressjs-mongodb-react-\\backend\\src\\routes\\maintenanceRoutes.js","statementMap":{"0":{"start":{"line":11,"column":15},"end":{"line":11,"column":31}},"1":{"start":{"line":14,"column":0},"end":{"line":14,"column":54}},"2":{"start":{"line":15,"column":0},"end":{"line":15,"column":81}},"3":{"start":{"line":16,"column":0},"end":{"line":16,"column":83}},"4":{"start":{"line":17,"column":0},"end":{"line":17,"column":86}},"5":{"start":{"line":18,"column":0},"end":{"line":18,"column":96}}},"fnMap":{},"branchMap":{},"s":{"0":0,"1":0,"2":0,"3":0,"4":0,"5":0},"f":{},"b":{}}
,"C:\\Users\\Youcode\\Desktop\\bc--nodejs-expressjs-mongodb-react-\\backend\\src\\routes\\reportsRoutes.js": {"path":"C:\\Users\\Youcode\\Desktop\\bc--nodejs-expressjs-mongodb-react-\\backend\\src\\routes\\reportsRoutes.js","statementMap":{"0":{"start":{"line":11,"column":15},"end":{"line":11,"column":31}},"1":{"start":{"line":14,"column":0},"end":{"line":14,"column":91}},"2":{"start":{"line":15,"column":0},"end":{"line":15,"column":94}},"3":{"start":{"line":16,"column":0},"end":{"line":16,"column":94}},"4":{"start":{"line":17,"column":0},"end":{"line":17,"column":96}},"5":{"start":{"line":18,"column":0},"end":{"line":18,"column":89}}},"fnMap":{},"branchMap":{},"s":{"0":0,"1":0,"2":0,"3":0,"4":0,"5":0},"f":{},"b":{}}
,"C:\\Users\\Youcode\\Desktop\\bc--nodejs-expressjs-mongodb-react-\\backend\\src\\routes\\tireRoutes.js": {"path":"C:\\Users\\Youcode\\Desktop\\bc--nodejs-expressjs-mongodb-react-\\backend\\src\\routes\\tireRoutes.js","statementMap":{"0":{"start":{"line":5,"column":15},"end":{"line":5,"column":31}},"1":{"start":{"line":8,"column":0},"end":{"line":8,"column":48}},"2":{"start":{"line":9,"column":0},"end":{"line":9,"column":74}},"3":{"start":{"line":10,"column":0},"end":{"line":10,"column":76}},"4":{"start":{"line":11,"column":0},"end":{"line":11,"column":79}},"5":{"start":{"line":12,"column":0},"end":{"line":12,"column":107}}},"fnMap":{},"branchMap":{},"s":{"0":0,"1":0,"2":0,"3":0,"4":0,"5":0},"f":{},"b":{}}
,"C:\\Users\\Youcode\\Desktop\\bc--nodejs-expressjs-mongodb-react-\\backend\\src\\routes\\trailerRoutes.js": {"path":"C:\\Users\\Youcode\\Desktop\\bc--nodejs-expressjs-mongodb-react-\\backend\\src\\routes\\trailerRoutes.js","statementMap":{"0":{"start":{"line":5,"column":15},"end":{"line":5,"column":31}},"1":{"start":{"line":8,"column":0},"end":{"line":8,"column":51}},"2":{"start":{"line":9,"column":0},"end":{"line":9,"column":77}},"3":{"start":{"line":10,"column":0},"end":{"line":10,"column":79}},"4":{"start":{"line":11,"column":0},"end":{"line":11,"column":82}}},"fnMap":{},"branchMap":{},"s":{"0":0,"1":0,"2":0,"3":0,"4":0},"f":{},"b":{}}
,"C:\\Users\\Youcode\\Desktop\\bc--nodejs-expressjs-mongodb-react-\\backend\\src\\routes\\tripRoutes.js": {"path":"C:\\Users\\Youcode\\Desktop\\bc--nodejs-expressjs-mongodb-react-\\backend\\src\\routes\\tripRoutes.js","statementMap":{"0":{"start":{"line":5,"column":15},"end":{"line":5,"column":31}},"1":{"start":{"line":8,"column":0},"end":{"line":8,"column":48}},"2":{"start":{"line":9,"column":0},"end":{"line":9,"column":74}},"3":{"start":{"line":10,"column":0},"end":{"line":10,"column":76}},"4":{"start":{"line":11,"column":0},"end":{"line":11,"column":79}},"5":{"start":{"line":12,"column":0},"end":{"line":12,"column":83}}},"fnMap":{},"branchMap":{},"s":{"0":0,"1":0,"2":0,"3":0,"4":0,"5":0},"f":{},"b":{}}
,"C:\\Users\\Youcode\\Desktop\\bc--nodejs-expressjs-mongodb-react-\\backend\\src\\routes\\truckRoutes.js": {"path":"C:\\Users\\Youcode\\Desktop\\bc--nodejs-expressjs-mongodb-react-\\backend\\src\\routes\\truckRoutes.js","statementMap":{"0":{"start":{"line":5,"column":15},"end":{"line":5,"column":31}},"1":{"start":{"line":7,"column":0},"end":{"line":7,"column":49}},"2":{"start":{"line":8,"column":0},"end":{"line":8,"column":75}},"3":{"start":{"line":9,"column":0},"end":{"line":9,"column":77}},"4":{"start":{"line":10,"column":0},"end":{"line":10,"column":80}}},"fnMap":{},"branchMap":{},"s":{"0":0,"1":0,"2":0,"3":0,"4":0},"f":{},"b":{}}
,"C:\\Users\\Youcode\\Desktop\\bc--nodejs-expressjs-mongodb-react-\\backend\\src\\services\\authService.js": {"path":"C:\\Users\\Youcode\\Desktop\\bc--nodejs-expressjs-mongodb-react-\\backend\\src\\services\\authService.js","statementMap":{"0":{"start":{"line":5,"column":22},"end":{"line":7,"column":1}},"1":{"start":{"line":6,"column":4},"end":{"line":6,"column":93}},"2":{"start":{"line":9,"column":29},"end":{"line":11,"column":1}},"3":{"start":{"line":10,"column":4},"end":{"line":10,"column":93}},"4":{"start":{"line":13,"column":14},"end":{"line":40,"column":1}},"5":{"start":{"line":14,"column":17},"end":{"line":14,"column":58}},"6":{"start":{"line":15,"column":4},"end":{"line":17,"column":5}},"7":{"start":{"line":16,"column":8},"end":{"line":16,"column":53}},"8":{"start":{"line":19,"column":28},"end":{"line":19,"column":78}},"9":{"start":{"line":20,"column":4},"end":{"line":22,"column":5}},"10":{"start":{"line":21,"column":8},"end":{"line":21,"column":53}},"11":{"start":{"line":24,"column":25},"end":{"line":24,"column":59}},"12":{"start":{"line":25,"column":26},"end":{"line":25,"column":67}},"13":{"start":{"line":27,"column":4},"end":{"line":39,"column":6}},"14":{"start":{"line":42,"column":17},"end":{"line":72,"column":1}},"15":{"start":{"line":43,"column":26},"end":{"line":43,"column":67}},"16":{"start":{"line":44,"column":4},"end":{"line":46,"column":5}},"17":{"start":{"line":45,"column":8},"end":{"line":45,"column":47}},"18":{"start":{"line":48,"column":25},"end":{"line":48,"column":61}},"19":{"start":{"line":50,"column":20},"end":{"line":56,"column":6}},"20":{"start":{"line":58,"column":25},"end":{"line":58,"column":65}},"21":{"start":{"line":59,"column":26},"end":{"line":59,"column":73}},"22":{"start":{"line":61,"column":4},"end":{"line":71,"column":6}},"23":{"start":{"line":74,"column":15},"end":{"line":76,"column":1}},"24":{"start":{"line":75,"column":4},"end":{"line":75,"column":50}}},"fnMap":{"0":{"name":"(anonymous_0)","decl":{"start":{"line":5,"column":22},"end":{"line":5,"column":23}},"loc":{"start":{"line":5,"column":40},"end":{"line":7,"column":1}},"line":5},"1":{"name":"(anonymous_1)","decl":{"start":{"line":9,"column":29},"end":{"line":9,"column":30}},"loc":{"start":{"line":9,"column":47},"end":{"line":11,"column":1}},"line":9},"2":{"name":"(anonymous_2)","decl":{"start":{"line":13,"column":14},"end":{"line":13,"column":15}},"loc":{"start":{"line":13,"column":30},"end":{"line":40,"column":1}},"line":13},"3":{"name":"(anonymous_3)","decl":{"start":{"line":42,"column":17},"end":{"line":42,"column":18}},"loc":{"start":{"line":42,"column":33},"end":{"line":72,"column":1}},"line":42},"4":{"name":"(anonymous_4)","decl":{"start":{"line":74,"column":15},"end":{"line":74,"column":16}},"loc":{"start":{"line":74,"column":27},"end":{"line":76,"column":1}},"line":74}},"branchMap":{"0":{"loc":{"start":{"line":15,"column":4},"end":{"line":17,"column":5}},"type":"if","locations":[{"start":{"line":15,"column":4},"end":{"line":17,"column":5}},{"start":{},"end":{}}],"line":15},"1":{"loc":{"start":{"line":20,"column":4},"end":{"line":22,"column":5}},"type":"if","locations":[{"start":{"line":20,"column":4},"end":{"line":22,"column":5}},{"start":{},"end":{}}],"line":20},"2":{"loc":{"start":{"line":44,"column":4},"end":{"line":46,"column":5}},"type":"if","locations":[{"start":{"line":44,"column":4},"end":{"line":46,"column":5}},{"start":{},"end":{}}],"line":44}},"s":{"0":2,"1":2,"2":2,"3":2,"4":2,"5":3,"6":3,"7":1,"8":2,"9":2,"10":1,"11":1,"12":1,"13":1,"14":2,"15":2,"16":2,"17":1,"18":1,"19":1,"20":1,"21":1,"22":1,"23":2,"24":0},"f":{"0":2,"1":2,"2":3,"3":2,"4":0},"b":{"0":[1,2],"1":[1,1],"2":[1,1]},"_coverageSchema":"1a1c01bbd47fc00a2c39e90264f33305004495a9","hash":"585e9d205494cc27fb4d919816131d520961281b"}
,"C:\\Users\\Youcode\\Desktop\\bc--nodejs-expressjs-mongodb-react-\\backend\\src\\services\\generateTripPDFService.js": {"path":"C:\\Users\\Youcode\\Desktop\\bc--nodejs-expressjs-mongodb-react-\\backend\\src\\services\\generateTripPDFService.js","statementMap":{},"fnMap":{},"branchMap":{},"s":{},"f":{},"b":{}}
,"C:\\Users\\Youcode\\Desktop\\bc--nodejs-expressjs-mongodb-react-\\backend\\src\\services\\maintenanceService.js": {"path":"C:\\Users\\Youcode\\Desktop\\bc--nodejs-expressjs-mongodb-react-\\backend\\src\\services\\maintenanceService.js","statementMap":{"0":{"start":{"line":6,"column":38},"end":{"line":46,"column":1}},"1":{"start":{"line":7,"column":4},"end":{"line":45,"column":5}},"2":{"start":{"line":8,"column":24},"end":{"line":10,"column":47}},"3":{"start":{"line":12,"column":8},"end":{"line":14,"column":9}},"4":{"start":{"line":13,"column":12},"end":{"line":13,"column":49}},"5":{"start":{"line":16,"column":23},"end":{"line":16,"column":25}},"6":{"start":{"line":19,"column":8},"end":{"line":40,"column":9}},"7":{"start":{"line":20,"column":41},"end":{"line":20,"column":99}},"8":{"start":{"line":21,"column":43},"end":{"line":21,"column":127}},"9":{"start":{"line":23,"column":12},"end":{"line":29,"column":13}},"10":{"start":{"line":24,"column":16},"end":{"line":28,"column":19}},"11":{"start":{"line":32,"column":42},"end":{"line":32,"column":127}},"12":{"start":{"line":33,"column":12},"end":{"line":39,"column":13}},"13":{"start":{"line":34,"column":16},"end":{"line":38,"column":19}},"14":{"start":{"line":42,"column":8},"end":{"line":42,"column":22}},"15":{"start":{"line":44,"column":8},"end":{"line":44,"column":20}},"16":{"start":{"line":49,"column":45},"end":{"line":69,"column":1}},"17":{"start":{"line":50,"column":4},"end":{"line":68,"column":5}},"18":{"start":{"line":51,"column":23},"end":{"line":51,"column":41}},"19":{"start":{"line":52,"column":34},"end":{"line":52,"column":36}},"20":{"start":{"line":54,"column":8},"end":{"line":63,"column":9}},"21":{"start":{"line":55,"column":27},"end":{"line":55,"column":75}},"22":{"start":{"line":56,"column":12},"end":{"line":62,"column":13}},"23":{"start":{"line":57,"column":16},"end":{"line":61,"column":19}},"24":{"start":{"line":65,"column":8},"end":{"line":65,"column":33}},"25":{"start":{"line":67,"column":8},"end":{"line":67,"column":20}},"26":{"start":{"line":72,"column":41},"end":{"line":80,"column":1}},"27":{"start":{"line":73,"column":4},"end":{"line":79,"column":5}},"28":{"start":{"line":74,"column":28},"end":{"line":74,"column":49}},"29":{"start":{"line":75,"column":8},"end":{"line":75,"column":33}},"30":{"start":{"line":76,"column":8},"end":{"line":76,"column":27}},"31":{"start":{"line":78,"column":8},"end":{"line":78,"column":20}},"32":{"start":{"line":83,"column":35},"end":{"line":116,"column":1}},"33":{"start":{"line":84,"column":4},"end":{"line":115,"column":5}},"34":{"start":{"line":85,"column":28},"end":{"line":85,"column":69}},"35":{"start":{"line":86,"column":8},"end":{"line":88,"column":9}},"36":{"start":{"line":87,"column":12},"end":{"line":87,"column":60}},"37":{"start":{"line":91,"column":8},"end":{"line":91,"column":41}},"38":{"start":{"line":92,"column":8},"end":{"line":92,"column":79}},"39":{"start":{"line":93,"column":8},"end":{"line":93,"column":47}},"40":{"start":{"line":94,"column":8},"end":{"line":94,"column":49}},"41":{"start":{"line":95,"column":8},"end":{"line":95,"column":33}},"42":{"start":{"line":98,"column":8},"end":{"line":110,"column":9}},"43":{"start":{"line":99,"column":31},"end":{"line":99,"column":33}},"44":{"start":{"line":100,"column":12},"end":{"line":105,"column":13}},"45":{"start":{"line":101,"column":16},"end":{"line":101,"column":71}},"46":{"start":{"line":102,"column":16},"end":{"line":102,"column":70}},"47":{"start":{"line":103,"column":19},"end":{"line":105,"column":13}},"48":{"start":{"line":104,"column":16},"end":{"line":104,"column":72}},"49":{"start":{"line":107,"column":12},"end":{"line":109,"column":13}},"50":{"start":{"line":108,"column":16},"end":{"line":108,"column":80}},"51":{"start":{"line":112,"column":8},"end":{"line":112,"column":27}},"52":{"start":{"line":114,"column":8},"end":{"line":114,"column":20}},"53":{"start":{"line":119,"column":38},"end":{"line":130,"column":1}},"54":{"start":{"line":120,"column":4},"end":{"line":129,"column":5}},"55":{"start":{"line":121,"column":25},"end":{"line":124,"column":31}},"56":{"start":{"line":126,"column":8},"end":{"line":126,"column":24}},"57":{"start":{"line":128,"column":8},"end":{"line":128,"column":20}}},"fnMap":{"0":{"name":"(anonymous_0)","decl":{"start":{"line":6,"column":38},"end":{"line":6,"column":39}},"loc":{"start":{"line":6,"column":72},"end":{"line":46,"column":1}},"line":6},"1":{"name":"(anonymous_1)","decl":{"start":{"line":49,"column":45},"end":{"line":49,"column":46}},"loc":{"start":{"line":49,"column":57},"end":{"line":69,"column":1}},"line":49},"2":{"name":"(anonymous_2)","decl":{"start":{"line":72,"column":41},"end":{"line":72,"column":42}},"loc":{"start":{"line":72,"column":57},"end":{"line":80,"column":1}},"line":72},"3":{"name":"(anonymous_3)","decl":{"start":{"line":83,"column":35},"end":{"line":83,"column":36}},"loc":{"start":{"line":83,"column":76},"end":{"line":116,"column":1}},"line":83},"4":{"name":"(anonymous_4)","decl":{"start":{"line":119,"column":38},"end":{"line":119,"column":39}},"loc":{"start":{"line":119,"column":50},"end":{"line":130,"column":1}},"line":119}},"branchMap":{"0":{"loc":{"start":{"line":8,"column":24},"end":{"line":10,"column":47}},"type":"cond-expr","locations":[{"start":{"line":9,"column":14},"end":{"line":9,"column":45}},{"start":{"line":10,"column":14},"end":{"line":10,"column":47}}],"line":8},"1":{"loc":{"start":{"line":12,"column":8},"end":{"line":14,"column":9}},"type":"if","locations":[{"start":{"line":12,"column":8},"end":{"line":14,"column":9}},{"start":{},"end":{}}],"line":12},"2":{"loc":{"start":{"line":19,"column":8},"end":{"line":40,"column":9}},"type":"if","locations":[{"start":{"line":19,"column":8},"end":{"line":40,"column":9}},{"start":{},"end":{}}],"line":19},"3":{"loc":{"start":{"line":20,"column":70},"end":{"line":20,"column":98}},"type":"binary-expr","locations":[{"start":{"line":20,"column":70},"end":{"line":20,"column":93}},{"start":{"line":20,"column":97},"end":{"line":20,"column":98}}],"line":20},"4":{"loc":{"start":{"line":23,"column":12},"end":{"line":29,"column":13}},"type":"if","locations":[{"start":{"line":23,"column":12},"end":{"line":29,"column":13}},{"start":{},"end":{}}],"line":23},"5":{"loc":{"start":{"line":23,"column":16},"end":{"line":23,"column":78}},"type":"binary-expr","locations":[{"start":{"line":23,"column":16},"end":{"line":23,"column":45}},{"start":{"line":23,"column":49},"end":{"line":23,"column":78}}],"line":23},"6":{"loc":{"start":{"line":27,"column":29},"end":{"line":27,"column":111}},"type":"cond-expr","locations":[{"start":{"line":27,"column":94},"end":{"line":27,"column":100}},{"start":{"line":27,"column":103},"end":{"line":27,"column":111}}],"line":27},"7":{"loc":{"start":{"line":27,"column":29},"end":{"line":27,"column":91}},"type":"binary-expr","locations":[{"start":{"line":27,"column":29},"end":{"line":27,"column":58}},{"start":{"line":27,"column":62},"end":{"line":27,"column":91}}],"line":27},"8":{"loc":{"start":{"line":33,"column":12},"end":{"line":39,"column":13}},"type":"if","locations":[{"start":{"line":33,"column":12},"end":{"line":39,"column":13}},{"start":{},"end":{}}],"line":33},"9":{"loc":{"start":{"line":37,"column":29},"end":{"line":37,"column":77}},"type":"cond-expr","locations":[{"start":{"line":37,"column":60},"end":{"line":37,"column":66}},{"start":{"line":37,"column":69},"end":{"line":37,"column":77}}],"line":37},"10":{"loc":{"start":{"line":56,"column":12},"end":{"line":62,"column":13}},"type":"if","locations":[{"start":{"line":56,"column":12},"end":{"line":62,"column":13}},{"start":{},"end":{}}],"line":56},"11":{"loc":{"start":{"line":86,"column":8},"end":{"line":88,"column":9}},"type":"if","locations":[{"start":{"line":86,"column":8},"end":{"line":88,"column":9}},{"start":{},"end":{}}],"line":86},"12":{"loc":{"start":{"line":92,"column":36},"end":{"line":92,"column":78}},"type":"binary-expr","locations":[{"start":{"line":92,"column":36},"end":{"line":92,"column":64}},{"start":{"line":92,"column":68},"end":{"line":92,"column":78}}],"line":92},"13":{"loc":{"start":{"line":98,"column":8},"end":{"line":110,"column":9}},"type":"if","locations":[{"start":{"line":98,"column":8},"end":{"line":110,"column":9}},{"start":{},"end":{}}],"line":98},"14":{"loc":{"start":{"line":100,"column":12},"end":{"line":105,"column":13}},"type":"if","locations":[{"start":{"line":100,"column":12},"end":{"line":105,"column":13}},{"start":{"line":103,"column":19},"end":{"line":105,"column":13}}],"line":100},"15":{"loc":{"start":{"line":103,"column":19},"end":{"line":105,"column":13}},"type":"if","locations":[{"start":{"line":103,"column":19},"end":{"line":105,"column":13}},{"start":{},"end":{}}],"line":103},"16":{"loc":{"start":{"line":107,"column":12},"end":{"line":109,"column":13}},"type":"if","locations":[{"start":{"line":107,"column":12},"end":{"line":109,"column":13}},{"start":{},"end":{}}],"line":107}},"s":{"0":1,"1":3,"2":3,"3":3,"4":1,"5":2,"6":2,"7":2,"8":2,"9":2,"10":1,"11":2,"12":2,"13":1,"14":2,"15":1,"16":1,"17":0,"18":0,"19":0,"20":0,"21":0,"22":0,"23":0,"24":0,"25":0,"26":1,"27":0,"28":0,"29":0,"30":0,"31":0,"32":1,"33":2,"34":2,"35":2,"36":1,"37":1,"38":1,"39":1,"40":1,"41":1,"42":1,"43":1,"44":1,"45":1,"46":1,"47":0,"48":0,"49":1,"50":1,"51":1,"52":1,"53":1,"54":0,"55":0,"56":0,"57":0},"f":{"0":3,"1":0,"2":0,"3":2,"4":0},"b":{"0":[3,0],"1":[1,2],"2":[2,0],"3":[2,1],"4":[1,1],"5":[2,1],"6":[1,0],"7":[1,0],"8":[1,1],"9":[1,0],"10":[0,0],"11":[1,1],"12":[1,0],"13":[1,0],"14":[1,0],"15":[0,0],"16":[1,0]},"_coverageSchema":"1a1c01bbd47fc00a2c39e90264f33305004495a9","hash":"c81bf8e6d10b2030a74d5aab213605f31de608c4"}
[...]
,"C:\\Users\\Youcode\\Desktop\\bc--nodejs-expressjs-mongodb-react-\\backend\\src\\services\\truckService.js": {"path":"C:\\Users\\Youcode\\Desktop\\bc--nodejs-expressjs-mongodb-react-\\backend\\src\\services\\truckService.js","statementMap":{"0":{"start":{"line":9,"column":25},"end":{"line":11,"column":1}},"1":{"start":{"line":10,"column":2},"end":{"line":10,"column":48}},"2":{"start":{"line":13,"column":22},"end":{"line":27,"column":1}},"3":{"start":{"line":15,"column":24},"end":{"line":17,"column":4}},"4":{"start":{"line":19,"column":2},"end":{"line":21,"column":3}},"5":{"start":{"line":20,"column":4},"end":{"line":20,"column":44}},"6":{"start":{"line":23,"column":2},"end":{"line":26,"column":5}},"7":{"start":{"line":29,"column":25},"end":{"line":31,"column":1}},"8":{"start":{"line":30,"column":2},"end":{"line":30,"column":46}},"9":{"start":{"line":33,"column":22},"end":{"line":35,"column":1}},"10":{"start":{"line":34,"column":2},"end":{"line":34,"column":52}},"11":{"start":{"line":37,"column":22},"end":{"line":70,"column":1}},"12":{"start":{"line":38,"column":16},"end":{"line":38,"column":40}},"13":{"start":{"line":39,"column":2},"end":{"line":39,"column":26}},"14":{"start":{"line":39,"column":14},"end":{"line":39,"column":26}},"15":{"start":{"line":42,"column":2},"end":{"line":44,"column":3}},"16":{"start":{"line":43,"column":4},"end":{"line":43,"column":62}},"17":{"start":{"line":46,"column":2},"end":{"line":48,"column":3}},"18":{"start":{"line":47,"column":4},"end":{"line":47,"column":61}},"19":{"start":{"line":50,"column":2},"end":{"line":50,"column":29}},"20":{"start":{"line":53,"column":2},"end":{"line":67,"column":3}},"21":{"start":{"line":57,"column":4},"end":{"line":57,"column":33}},"22":{"start":{"line":59,"column":4},"end":{"line":64,"column":7}},"23":{"start":{"line":66,"column":4},"end":{"line":66,"column":54}},"24":{"start":{"line":69,"column":2},"end":{"line":69,"column":28}},"25":{"start":{"line":72,"column":27},"end":{"line":81,"column":1}},"26":{"start":{"line":73,"column":16},"end":{"line":73,"column":40}},"27":{"start":{"line":74,"column":2},"end":{"line":74,"column":26}},"28":{"start":{"line":74,"column":14},"end":{"line":74,"column":26}},"29":{"start":{"line":76,"column":2},"end":{"line":78,"column":3}},"30":{"start":{"line":77,"column":4},"end":{"line":77,"column":50}},"31":{"start":{"line":80,"column":2},"end":{"line":80,"column":43}}},"fnMap":{"0":{"name":"(anonymous_0)","decl":{"start":{"line":9,"column":25},"end":{"line":9,"column":26}},"loc":{"start":{"line":9,"column":59},"end":{"line":11,"column":1}},"line":9},"1":{"name":"(anonymous_1)","decl":{"start":{"line":13,"column":22},"end":{"line":13,"column":23}},"loc":{"start":{"line":13,"column":38},"end":{"line":27,"column":1}},"line":13},"2":{"name":"(anonymous_2)","decl":{"start":{"line":29,"column":25},"end":{"line":29,"column":26}},"loc":{"start":{"line":29,"column":37},"end":{"line":31,"column":1}},"line":29},"3":{"name":"(anonymous_3)","decl":{"start":{"line":33,"column":22},"end":{"line":33,"column":23}},"loc":{"start":{"line":33,"column":36},"end":{"line":35,"column":1}},"line":33},"4":{"name":"(anonymous_4)","decl":{"start":{"line":37,"column":22},"end":{"line":37,"column":23}},"loc":{"start":{"line":37,"column":42},"end":{"line":70,"column":1}},"line":37},"5":{"name":"(anonymous_5)","decl":{"start":{"line":72,"column":27},"end":{"line":72,"column":28}},"loc":{"start":{"line":72,"column":41},"end":{"line":81,"column":1}},"line":72}},"branchMap":{"0":{"loc":{"start":{"line":19,"column":2},"end":{"line":21,"column":3}},"type":"if","locations":[{"start":{"line":19,"column":2},"end":{"line":21,"column":3}},{"start":{},"end":{}}],"line":19},"1":{"loc":{"start":{"line":25,"column":23},"end":{"line":25,"column":50}},"type":"binary-expr","locations":[{"start":{"line":25,"column":23},"end":{"line":25,"column":45}},{"start":{"line":25,"column":49},"end":{"line":25,"column":50}}],"line":25},"2":{"loc":{"start":{"line":39,"column":2},"end":{"line":39,"column":26}},"type":"if","locations":[{"start":{"line":39,"column":2},"end":{"line":39,"column":26}},{"start":{},"end":{}}],"line":39},"3":{"loc":{"start":{"line":42,"column":2},"end":{"line":44,"column":3}},"type":"if","locations":[{"start":{"line":42,"column":2},"end":{"line":44,"column":3}},{"start":{},"end":{}}],"line":42},"4":{"loc":{"start":{"line":42,"column":6},"end":{"line":42,"column":64}},"type":"binary-expr","locations":[{"start":{"line":42,"column":6},"end":{"line":42,"column":36}},{"start":{"line":42,"column":40},"end":{"line":42,"column":64}}],"line":42},"5":{"loc":{"start":{"line":46,"column":2},"end":{"line":48,"column":3}},"type":"if","locations":[{"start":{"line":46,"column":2},"end":{"line":48,"column":3}},{"start":{},"end":{}}],"line":46},"6":{"loc":{"start":{"line":46,"column":6},"end":{"line":46,"column":64}},"type":"binary-expr","locations":[{"start":{"line":46,"column":6},"end":{"line":46,"column":31}},{"start":{"line":46,"column":35},"end":{"line":46,"column":64}}],"line":46},"7":{"loc":{"start":{"line":53,"column":2},"end":{"line":67,"column":3}},"type":"if","locations":[{"start":{"line":53,"column":2},"end":{"line":67,"column":3}},{"start":{},"end":{}}],"line":53},"8":{"loc":{"start":{"line":54,"column":4},"end":{"line":55,"column":70}},"type":"binary-expr","locations":[{"start":{"line":54,"column":4},"end":{"line":54,"column":26}},{"start":{"line":55,"column":4},"end":{"line":55,"column":70}}],"line":54},"9":{"loc":{"start":{"line":74,"column":2},"end":{"line":74,"column":26}},"type":"if","locations":[{"start":{"line":74,"column":2},"end":{"line":74,"column":26}},{"start":{},"end":{}}],"line":74},"10":{"loc":{"start":{"line":76,"column":2},"end":{"line":78,"column":3}},"type":"if","locations":[{"start":{"line":76,"column":2},"end":{"line":78,"column":3}},{"start":{},"end":{}}],"line":76}},"s":{"0":1,"1":0,"2":1,"3":2,"4":2,"5":0,"6":2,"7":1,"8":0,"9":1,"10":0,"11":1,"12":0,"13":0,"14":0,"15":0,"16":0,"17":0,"18":0,"19":0,"20":0,"21":0,"22":0,"23":0,"24":0,"25":1,"26":1,"27":1,"28":0,"29":1,"30":0,"31":1},"f":{"0":0,"1":2,"2":0,"3":0,"4":0,"5":1},"b":{"0":[0,2],"1":[2,1],"2":[0,0],"3":[0,0],"4":[0,0],"5":[0,0],"6":[0,0],"7":[0,0],"8":[0,0],"9":[0,1],"10":[0,1]},"_coverageSchema":"1a1c01bbd47fc00a2c39e90264f33305004495a9","hash":"9557c8d3c38cfd51efef798cc5e09a12e399c811"}
,"C:\\Users\\Youcode\\Desktop\\bc--nodejs-expressjs-mongodb-react-\\backend\\src\\services\\userService.js": {"path":"C:\\Users\\Youcode\\Desktop\\bc--nodejs-expressjs-mongodb-react-\\backend\\src\\services\\userService.js","statementMap":{"0":{"start":{"line":5,"column":25},"end":{"line":17,"column":1}},"1":{"start":{"line":6,"column":17},"end":{"line":6,"column":32}},"2":{"start":{"line":8,"column":22},"end":{"line":8,"column":70}},"3":{"start":{"line":10,"column":24},"end":{"line":14,"column":5}},"4":{"start":{"line":16,"column":4},"end":{"line":16,"column":23}},"5":{"start":{"line":19,"column":17},"end":{"line":24,"column":1}},"6":{"start":{"line":20,"column":4},"end":{"line":23,"column":32}},"7":{"start":{"line":21,"column":18},"end":{"line":21,"column":55}},"8":{"start":{"line":22,"column":4},"end":{"line":22,"column":24}},"9":{"start":{"line":23,"column":20},"end":{"line":23,"column":30}},"10":{"start":{"line":26,"column":22},"end":{"line":31,"column":1}},"11":{"start":{"line":27,"column":17},"end":{"line":27,"column":32}},"12":{"start":{"line":28,"column":4},"end":{"line":30,"column":5}},"13":{"start":{"line":33,"column":18},"end":{"line":42,"column":1}},"14":{"start":{"line":35,"column":19},"end":{"line":35,"column":47}},"15":{"start":{"line":36,"column":4},"end":{"line":38,"column":5}},"16":{"start":{"line":37,"column":8},"end":{"line":37,"column":42}},"17":{"start":{"line":39,"column":4},"end":{"line":41,"column":5}}},"fnMap":{"0":{"name":"(anonymous_0)","decl":{"start":{"line":5,"column":25},"end":{"line":5,"column":26}},"loc":{"start":{"line":5,"column":41},"end":{"line":17,"column":1}},"line":5},"1":{"name":"(anonymous_1)","decl":{"start":{"line":19,"column":17},"end":{"line":19,"column":18}},"loc":{"start":{"line":19,"column":38},"end":{"line":24,"column":1}},"line":19},"2":{"name":"(anonymous_2)","decl":{"start":{"line":26,"column":22},"end":{"line":26,"column":23}},"loc":{"start":{"line":26,"column":38},"end":{"line":31,"column":1}},"line":26},"3":{"name":"(anonymous_3)","decl":{"start":{"line":33,"column":18},"end":{"line":33,"column":19}},"loc":{"start":{"line":33,"column":34},"end":{"line":42,"column":1}},"line":33}},"branchMap":{"0":{"loc":{"start":{"line":8,"column":22},"end":{"line":8,"column":70}},"type":"cond-expr","locations":[{"start":{"line":8,"column":49},"end":{"line":8,"column":59}},{"start":{"line":8,"column":62},"end":{"line":8,"column":70}}],"line":8},"1":{"loc":{"start":{"line":36,"column":4},"end":{"line":38,"column":5}},"type":"if","locations":[{"start":{"line":36,"column":4},"end":{"line":38,"column":5}},{"start":{},"end":{}}],"line":36}},"s":{"0":0,"1":0,"2":0,"3":0,"4":0,"5":0,"6":0,"7":0,"8":0,"9":0,"10":0,"11":0,"12":0,"13":0,"14":0,"15":0,"16":0,"17":0},"f":{"0":0,"1":0,"2":0,"3":0},"b":{"0":[0,0],"1":[0,0]}}
,"C:\\Users\\Youcode\\Desktop\\bc--nodejs-expressjs-mongodb-react-\\backend\\src\\utils\\generateTripPDF.js": {"path":"C:\\Users\\Youcode\\Desktop\\bc--nodejs-expressjs-mongodb-react-\\backend\\src\\utils\\generateTripPDF.js","statementMap":{"0":{"start":{"line":3,"column":31},"end":{"line":96,"column":1}},"1":{"start":{"line":4,"column":2},"end":{"line":95,"column":3}},"2":{"start":{"line":5,"column":16},"end":{"line":5,"column":47}},"3":{"start":{"line":7,"column":4},"end":{"line":7,"column":53}},"4":{"start":{"line":8,"column":4},"end":{"line":8,"column":95}},"5":{"start":{"line":10,"column":4},"end":{"line":10,"column":18}},"6":{"start":{"line":13,"column":4},"end":{"line":13,"column":90}},"7":{"start":{"line":14,"column":4},"end":{"line":14,"column":19}},"8":{"start":{"line":15,"column":4},"end":{"line":15,"column":92}},"9":{"start":{"line":16,"column":4},"end":{"line":16,"column":20}},"10":{"start":{"line":19,"column":4},"end":{"line":19,"column":62}},"11":{"start":{"line":20,"column":4},"end":{"line":20,"column":22}},"12":{"start":{"line":21,"column":4},"end":{"line":21,"column":39}},"13":{"start":{"line":22,"column":4},"end":{"line":22,"column":55}},"14":{"start":{"line":23,"column":4},"end":{"line":23,"column":54}},"15":{"start":{"line":24,"column":4},"end":{"line":24,"column":19}},"16":{"start":{"line":27,"column":4},"end":{"line":27,"column":61}},"17":{"start":{"line":28,"column":4},"end":{"line":28,"column":22}},"18":{"start":{"line":29,"column":4},"end":{"line":29,"column":39}},"19":{"start":{"line":30,"column":4},"end":{"line":30,"column":64}},"20":{"start":{"line":31,"column":4},"end":{"line":31,"column":83}},"21":{"start":{"line":32,"column":4},"end":{"line":34,"column":5}},"22":{"start":{"line":33,"column":6},"end":{"line":33,"column":70}},"23":{"start":{"line":35,"column":4},"end":{"line":35,"column":19}},"24":{"start":{"line":38,"column":4},"end":{"line":38,"column":70}},"25":{"start":{"line":39,"column":4},"end":{"line":39,"column":22}},"26":{"start":{"line":40,"column":4},"end":{"line":40,"column":39}},"27":{"start":{"line":41,"column":4},"end":{"line":41,"column":46}},"28":{"start":{"line":42,"column":4},"end":{"line":42,"column":49}},"29":{"start":{"line":43,"column":4},"end":{"line":43,"column":88}},"30":{"start":{"line":44,"column":4},"end":{"line":46,"column":5}},"31":{"start":{"line":45,"column":6},"end":{"line":45,"column":88}},"32":{"start":{"line":47,"column":4},"end":{"line":47,"column":71}},"33":{"start":{"line":48,"column":4},"end":{"line":48,"column":19}},"34":{"start":{"line":51,"column":4},"end":{"line":61,"column":5}},"35":{"start":{"line":52,"column":6},"end":{"line":52,"column":66}},"36":{"start":{"line":53,"column":6},"end":{"line":53,"column":24}},"37":{"start":{"line":54,"column":6},"end":{"line":54,"column":41}},"38":{"start":{"line":55,"column":6},"end":{"line":55,"column":75}},"39":{"start":{"line":55,"column":24},"end":{"line":55,"column":75}},"40":{"start":{"line":56,"column":6},"end":{"line":56,"column":72}},"41":{"start":{"line":56,"column":22},"end":{"line":56,"column":72}},"42":{"start":{"line":57,"column":6},"end":{"line":59,"column":7}},"43":{"start":{"line":58,"column":8},"end":{"line":58,"column":72}},"44":{"start":{"line":60,"column":6},"end":{"line":60,"column":21}},"45":{"start":{"line":64,"column":4},"end":{"line":73,"column":5}},"46":{"start":{"line":65,"column":6},"end":{"line":65,"column":64}},"47":{"start":{"line":66,"column":6},"end":{"line":66,"column":24}},"48":{"start":{"line":67,"column":6},"end":{"line":67,"column":41}},"49":{"start":{"line":68,"column":6},"end":{"line":68,"column":61}},"50":{"start":{"line":69,"column":6},"end":{"line":71,"column":7}},"51":{"start":{"line":70,"column":8},"end":{"line":70,"column":47}},"52":{"start":{"line":72,"column":6},"end":{"line":72,"column":21}},"53":{"start":{"line":76,"column":4},"end":{"line":82,"column":5}},"54":{"start":{"line":77,"column":6},"end":{"line":77,"column":64}},"55":{"start":{"line":78,"column":6},"end":{"line":78,"column":24}},"56":{"start":{"line":79,"column":6},"end":{"line":79,"column":41}},"57":{"start":{"line":80,"column":6},"end":{"line":80,"column":43}},"58":{"start":{"line":81,"column":6},"end":{"line":81,"column":21}},"59":{"start":{"line":85,"column":4},"end":{"line":85,"column":20}},"60":{"start":{"line":86,"column":4},"end":{"line":86,"column":47}},"61":{"start":{"line":87,"column":4},"end":{"line":87,"column":142}},"62":{"start":{"line":89,"column":4},"end":{"line":89,"column":14}},"63":{"start":{"line":91,"column":4},"end":{"line":91,"column":50}},"64":{"start":{"line":92,"column":4},"end":{"line":94,"column":5}},"65":{"start":{"line":93,"column":6},"end":{"line":93,"column":88}}},"fnMap":{"0":{"name":"(anonymous_0)","decl":{"start":{"line":3,"column":31},"end":{"line":3,"column":32}},"loc":{"start":{"line":3,"column":46},"end":{"line":96,"column":1}},"line":3}},"branchMap":{"0":{"loc":{"start":{"line":22,"column":21},"end":{"line":22,"column":51}},"type":"binary-expr","locations":[{"start":{"line":22,"column":21},"end":{"line":22,"column":42}},{"start":{"line":22,"column":46},"end":{"line":22,"column":51}}],"line":22},"1":{"loc":{"start":{"line":23,"column":23},"end":{"line":23,"column":50}},"type":"binary-expr","locations":[{"start":{"line":23,"column":23},"end":{"line":23,"column":41}},{"start":{"line":23,"column":45},"end":{"line":23,"column":50}}],"line":23},"2":{"loc":{"start":{"line":30,"column":24},"end":{"line":30,"column":60}},"type":"binary-expr","locations":[{"start":{"line":30,"column":24},"end":{"line":30,"column":51}},{"start":{"line":30,"column":55},"end":{"line":30,"column":60}}],"line":30},"3":{"loc":{"start":{"line":31,"column":24},"end":{"line":31,"column":51}},"type":"binary-expr","locations":[{"start":{"line":31,"column":24},"end":{"line":31,"column":42}},{"start":{"line":31,"column":46},"end":{"line":31,"column":51}}],"line":31},"4":{"loc":{"start":{"line":31,"column":55},"end":{"line":31,"column":79}},"type":"binary-expr","locations":[{"start":{"line":31,"column":55},"end":{"line":31,"column":73}},{"start":{"line":31,"column":77},"end":{"line":31,"column":79}}],"line":31},"5":{"loc":{"start":{"line":32,"column":4},"end":{"line":34,"column":5}},"type":"if","locations":[{"start":{"line":32,"column":4},"end":{"line":34,"column":5}},{"start":{},"end":{}}],"line":32},"6":{"loc":{"start":{"line":33,"column":28},"end":{"line":33,"column":66}},"type":"binary-expr","locations":[{"start":{"line":33,"column":28},"end":{"line":33,"column":57}},{"start":{"line":33,"column":61},"end":{"line":33,"column":66}}],"line":33},"7":{"loc":{"start":{"line":44,"column":4},"end":{"line":46,"column":5}},"type":"if","locations":[{"start":{"line":44,"column":4},"end":{"line":46,"column":5}},{"start":{},"end":{}}],"line":44},"8":{"loc":{"start":{"line":51,"column":4},"end":{"line":61,"column":5}},"type":"if","locations":[{"start":{"line":51,"column":4},"end":{"line":61,"column":5}},{"start":{},"end":{}}],"line":51},"9":{"loc":{"start":{"line":51,"column":8},"end":{"line":51,"column":34}},"type":"binary-expr","locations":[{"start":{"line":51,"column":8},"end":{"line":51,"column":20}},{"start":{"line":51,"column":24},"end":{"line":51,"column":34}}],"line":51},"10":{"loc":{"start":{"line":55,"column":6},"end":{"line":55,"column":75}},"type":"if","locations":[{"start":{"line":55,"column":6},"end":{"line":55,"column":75}},{"start":{},"end":{}}],"line":55},"11":{"loc":{"start":{"line":56,"column":6},"end":{"line":56,"column":72}},"type":"if","locations":[{"start":{"line":56,"column":6},"end":{"line":56,"column":72}},{"start":{},"end":{}}],"line":56},"12":{"loc":{"start":{"line":57,"column":6},"end":{"line":59,"column":7}},"type":"if","locations":[{"start":{"line":57,"column":6},"end":{"line":59,"column":7}},{"start":{},"end":{}}],"line":57},"13":{"loc":{"start":{"line":57,"column":10},"end":{"line":57,"column":36}},"type":"binary-expr","locations":[{"start":{"line":57,"column":10},"end":{"line":57,"column":22}},{"start":{"line":57,"column":26},"end":{"line":57,"column":36}}],"line":57},"14":{"loc":{"start":{"line":64,"column":4},"end":{"line":73,"column":5}},"type":"if","locations":[{"start":{"line":64,"column":4},"end":{"line":73,"column":5}},{"start":{},"end":{}}],"line":64},"15":{"loc":{"start":{"line":69,"column":6},"end":{"line":71,"column":7}},"type":"if","locations":[{"start":{"line":69,"column":6},"end":{"line":71,"column":7}},{"start":{},"end":{}}],"line":69},"16":{"loc":{"start":{"line":76,"column":4},"end":{"line":82,"column":5}},"type":"if","locations":[{"start":{"line":76,"column":4},"end":{"line":82,"column":5}},{"start":{},"end":{}}],"line":76},"17":{"loc":{"start":{"line":92,"column":4},"end":{"line":94,"column":5}},"type":"if","locations":[{"start":{"line":92,"column":4},"end":{"line":94,"column":5}},{"start":{},"end":{}}],"line":92}},"s":{"0":1,"1":0,"2":0,"3":0,"4":0,"5":0,"6":0,"7":0,"8":0,"9":0,"10":0,"11":0,"12":0,"13":0,"14":0,"15":0,"16":0,"17":0,"18":0,"19":0,"20":0,"21":0,"22":0,"23":0,"24":0,"25":0,"26":0,"27":0,"28":0,"29":0,"30":0,"31":0,"32":0,"33":0,"34":0,"35":0,"36":0,"37":0,"38":0,"39":0,"40":0,"41":0,"42":0,"43":0,"44":0,"45":0,"46":0,"47":0,"48":0,"49":0,"50":0,"51":0,"52":0,"53":0,"54":0,"55":0,"56":0,"57":0,"58":0,"59":0,"60":0,"61":0,"62":0,"63":0,"64":0,"65":0},"f":{"0":0},"b":{"0":[0,0],"1":[0,0],"2":[0,0],"3":[0,0],"4":[0,0],"5":[0,0],"6":[0,0],"7":[0,0],"8":[0,0],"9":[0,0],"10":[0,0],"11":[0,0],"12":[0,0],"13":[0,0],"14":[0,0],"15":[0,0],"16":[0,0],"17":[0,0]},"_coverageSchema":"1a1c01bbd47fc00a2c39e90264f33305004495a9","hash":"140190cbbba074cc3f962caf0f8ea6ead7fab64f"}
}
